2019-04-26 10:18:56,824 [MainThread:140735885751232] [django.utils.autoreload:578] [autoreload:run_with_reloader] [INFO]- Watching for file changes with StatReloader
2019-04-26 10:18:56,825 [MainThread:140735885751232] [django.utils.autoreload:267] [autoreload:run] [DEBUG]- Waiting for apps ready_event.
2019-04-26 10:18:57,064 [MainThread:140735885751232] [django.utils.autoreload:273] [autoreload:run] [DEBUG]- Apps ready_event triggered. Sending autoreload_started signal.
2019-04-26 10:18:57,070 [MainThread:140735885751232] [django.utils.autoreload:226] [autoreload:watch_dir] [DEBUG]- Watching dir /Users/liuzhanhui/workspace/python/web_auto/locale with glob **/*.mo.
2019-04-26 10:18:57,073 [MainThread:140735885751232] [django.utils.autoreload:226] [autoreload:watch_dir] [DEBUG]- Watching dir /Users/liuzhanhui/workspace/python/web_auto/venv/lib/python3.6/site-packages/django/contrib/admin/locale with glob **/*.mo.
2019-04-26 10:18:57,073 [MainThread:140735885751232] [django.utils.autoreload:226] [autoreload:watch_dir] [DEBUG]- Watching dir /Users/liuzhanhui/workspace/python/web_auto/venv/lib/python3.6/site-packages/django/contrib/auth/locale with glob **/*.mo.
2019-04-26 10:18:57,074 [MainThread:140735885751232] [django.utils.autoreload:226] [autoreload:watch_dir] [DEBUG]- Watching dir /Users/liuzhanhui/workspace/python/web_auto/venv/lib/python3.6/site-packages/django/contrib/contenttypes/locale with glob **/*.mo.
2019-04-26 10:18:57,074 [MainThread:140735885751232] [django.utils.autoreload:226] [autoreload:watch_dir] [DEBUG]- Watching dir /Users/liuzhanhui/workspace/python/web_auto/venv/lib/python3.6/site-packages/django/contrib/sessions/locale with glob **/*.mo.
2019-04-26 10:18:57,074 [MainThread:140735885751232] [django.utils.autoreload:226] [autoreload:watch_dir] [DEBUG]- Watching dir /Users/liuzhanhui/workspace/python/web_auto/venv/lib/python3.6/site-packages/django/contrib/messages/locale with glob **/*.mo.
2019-04-26 10:18:57,074 [MainThread:140735885751232] [django.utils.autoreload:226] [autoreload:watch_dir] [DEBUG]- Watching dir /Users/liuzhanhui/workspace/python/web_auto/venv/lib/python3.6/site-packages/django/contrib/staticfiles/locale with glob **/*.mo.
2019-04-26 10:18:57,075 [MainThread:140735885751232] [django.utils.autoreload:226] [autoreload:watch_dir] [DEBUG]- Watching dir /Users/liuzhanhui/workspace/python/web_auto/venv/lib/python3.6/site-packages/corsheaders/locale with glob **/*.mo.
2019-04-26 10:18:57,075 [MainThread:140735885751232] [django.utils.autoreload:226] [autoreload:watch_dir] [DEBUG]- Watching dir /Users/liuzhanhui/workspace/python/web_auto/venv/lib/python3.6/site-packages/rest_framework/locale with glob **/*.mo.
2019-04-26 10:18:57,075 [MainThread:140735885751232] [django.utils.autoreload:226] [autoreload:watch_dir] [DEBUG]- Watching dir /Users/liuzhanhui/workspace/python/web_auto/apps/teacherspace/locale with glob **/*.mo.
2019-04-26 10:18:57,076 [MainThread:140735885751232] [django.utils.autoreload:226] [autoreload:watch_dir] [DEBUG]- Watching dir /Users/liuzhanhui/workspace/python/web_auto/apps/teacherpad/locale with glob **/*.mo.
2019-04-26 10:18:57,076 [MainThread:140735885751232] [django.utils.autoreload:226] [autoreload:watch_dir] [DEBUG]- Watching dir /Users/liuzhanhui/workspace/python/web_auto/apps/users/locale with glob **/*.mo.
2019-04-26 10:18:57,231 [Thread-1:123145465798656] [django.db.backends:110] [utils:execute] [DEBUG]- (0.001) SELECT @@SQL_AUTO_IS_NULL; args=None
2019-04-26 10:18:57,232 [Thread-1:123145465798656] [django.db.backends:110] [utils:execute] [DEBUG]- (0.000) SET SESSION TRANSACTION ISOLATION LEVEL READ COMMITTED; args=None
2019-04-26 10:18:57,238 [Thread-1:123145465798656] [django.db.backends:110] [utils:execute] [DEBUG]- (0.006) SHOW FULL TABLES; args=None
2019-04-26 10:18:57,247 [Thread-1:123145465798656] [django.db.backends:110] [utils:execute] [DEBUG]- (0.003) SELECT `django_migrations`.`app`, `django_migrations`.`name` FROM `django_migrations`; args=()
2019-04-26 10:19:13,271 [Thread-2:123145471053824] [django.server:154] [basehttp:log_message] [WARNING]- "GET /api/teacherPad/module/user/zhangyadan HTTP/1.1" 403 30
2019-04-26 10:35:00,584 [uWSGIWorker1Core0:140735885751232] [django.db.backends:110] [utils:execute] [DEBUG]- (0.002) SELECT @@SQL_AUTO_IS_NULL; args=None
2019-04-26 10:35:00,587 [uWSGIWorker1Core0:140735885751232] [django.db.backends:110] [utils:execute] [DEBUG]- (0.000) SET SESSION TRANSACTION ISOLATION LEVEL READ COMMITTED; args=None
2019-04-26 10:35:00,588 [uWSGIWorker1Core0:140735885751232] [django.db.backends:110] [utils:execute] [DEBUG]- (0.001) SELECT `user`.`id`, `user`.`username`, `user`.`password`, `user`.`user_type`, `user`.`email`, `user`.`create_time` FROM `user` WHERE (`user`.`password` = '123456' AND `user`.`username` = 'zhangyadan') ORDER BY `user`.`id` ASC  LIMIT 1; args=('123456', 'zhangyadan')
2019-04-26 10:35:00,597 [uWSGIWorker1Core0:140735885751232] [django.db.backends:110] [utils:execute] [DEBUG]- (0.004) SELECT `token`.`id`, `token`.`token`, `token`.`update_time`, `token`.`user_id` FROM `token` WHERE `token`.`user_id` = 1 FOR UPDATE; args=(1,)
2019-04-26 10:35:00,600 [uWSGIWorker1Core0:140735885751232] [django.db.backends:110] [utils:execute] [DEBUG]- (0.001) UPDATE `token` SET `token` = '26b3fc08125f71ab0cfd0bc2f0eb346b', `update_time` = '2019-04-26 10:35:00.598523', `user_id` = 1 WHERE `token`.`id` = 1; args=('26b3fc08125f71ab0cfd0bc2f0eb346b', '2019-04-26 10:35:00.598523', 1, 1)
2019-04-26 10:35:28,615 [uWSGIWorker1Core0:140735885751232] [django.db.backends:110] [utils:execute] [DEBUG]- (0.000) SET SESSION TRANSACTION ISOLATION LEVEL READ COMMITTED; args=None
2019-04-26 10:35:28,618 [uWSGIWorker1Core0:140735885751232] [django.db.backends:110] [utils:execute] [DEBUG]- (0.001) SELECT `token`.`id`, `token`.`token`, `token`.`update_time`, `token`.`user_id` FROM `token` WHERE `token`.`token` = '26b3fc08125f71ab0cfd0bc2f0eb346b' ORDER BY `token`.`id` ASC  LIMIT 1; args=('26b3fc08125f71ab0cfd0bc2f0eb346b',)
2019-04-26 10:35:28,635 [uWSGIWorker1Core0:140735885751232] [django.db.backends:110] [utils:execute] [DEBUG]- (0.000) SELECT `user`.`id`, `user`.`username`, `user`.`password`, `user`.`user_type`, `user`.`email`, `user`.`create_time` FROM `user` WHERE `user`.`id` = 1; args=(1,)
2019-04-26 10:35:28,637 [uWSGIWorker1Core0:140735885751232] [django.db.backends:110] [utils:execute] [DEBUG]- (0.001) SELECT `user`.`id`, `user`.`username`, `user`.`password`, `user`.`user_type`, `user`.`email`, `user`.`create_time` FROM `user` WHERE `user`.`username` = 'zhangyadan'; args=('zhangyadan',)
2019-04-26 10:35:28,641 [uWSGIWorker1Core0:140735885751232] [django.db.backends:110] [utils:execute] [DEBUG]- (0.002) SELECT `module`.`id`, `module`.`module_name`, `module`.`module_type`, `module`.`create_time`, `module`.`update_time`, `module`.`module_desc`, `module`.`user_id` FROM `module` WHERE (`module`.`module_type` = 2 AND `module`.`user_id` = 1); args=(2, 1)
2019-04-26 10:41:48,193 [uWSGIWorker1Core0:140735885751232] [django.db.backends:110] [utils:execute] [DEBUG]- (0.000) SELECT @@SQL_AUTO_IS_NULL; args=None
2019-04-26 10:41:48,197 [uWSGIWorker1Core0:140735885751232] [django.db.backends:110] [utils:execute] [DEBUG]- (0.000) SET SESSION TRANSACTION ISOLATION LEVEL READ COMMITTED; args=None
2019-04-26 10:41:48,198 [uWSGIWorker1Core0:140735885751232] [django.db.backends:110] [utils:execute] [DEBUG]- (0.001) SELECT `token`.`id`, `token`.`token`, `token`.`update_time`, `token`.`user_id` FROM `token` WHERE `token`.`token` = '26b3fc08125f71ab0cfd0bc2f0eb346b' ORDER BY `token`.`id` ASC  LIMIT 1; args=('26b3fc08125f71ab0cfd0bc2f0eb346b',)
2019-04-26 10:41:48,210 [uWSGIWorker1Core0:140735885751232] [django.db.backends:110] [utils:execute] [DEBUG]- (0.001) SELECT `user`.`id`, `user`.`username`, `user`.`password`, `user`.`user_type`, `user`.`email`, `user`.`create_time` FROM `user` WHERE `user`.`id` = 1; args=(1,)
2019-04-26 10:41:48,212 [uWSGIWorker1Core0:140735885751232] [django.db.backends:110] [utils:execute] [DEBUG]- (0.000) SELECT `user`.`id`, `user`.`username`, `user`.`password`, `user`.`user_type`, `user`.`email`, `user`.`create_time` FROM `user` WHERE `user`.`username` = 'zhangyadan'; args=('zhangyadan',)
2019-04-26 10:41:48,215 [uWSGIWorker1Core0:140735885751232] [django.db.backends:110] [utils:execute] [DEBUG]- (0.001) SELECT `module`.`id`, `module`.`module_name`, `module`.`module_type`, `module`.`create_time`, `module`.`update_time`, `module`.`module_desc`, `module`.`user_id` FROM `module` WHERE (`module`.`module_type` = 2 AND `module`.`user_id` = 1); args=(2, 1)
2019-04-26 10:54:58,192 [uWSGIWorker4Core0:140735885751232] [django.db.backends:110] [utils:execute] [DEBUG]- (0.000) SELECT @@SQL_AUTO_IS_NULL; args=None
2019-04-26 10:54:58,194 [uWSGIWorker4Core0:140735885751232] [django.db.backends:110] [utils:execute] [DEBUG]- (0.000) SET SESSION TRANSACTION ISOLATION LEVEL READ COMMITTED; args=None
2019-04-26 10:54:58,196 [uWSGIWorker4Core0:140735885751232] [django.db.backends:110] [utils:execute] [DEBUG]- (0.001) SELECT `token`.`id`, `token`.`token`, `token`.`update_time`, `token`.`user_id` FROM `token` WHERE `token`.`token` = '26b3fc08125f71ab0cfd0bc2f0eb346b' ORDER BY `token`.`id` ASC  LIMIT 1; args=('26b3fc08125f71ab0cfd0bc2f0eb346b',)
2019-04-26 10:54:58,204 [uWSGIWorker4Core0:140735885751232] [django.db.backends:110] [utils:execute] [DEBUG]- (0.001) SELECT `user`.`id`, `user`.`username`, `user`.`password`, `user`.`user_type`, `user`.`email`, `user`.`create_time` FROM `user` WHERE `user`.`id` = 1; args=(1,)
2019-04-26 10:54:58,206 [uWSGIWorker4Core0:140735885751232] [django.db.backends:110] [utils:execute] [DEBUG]- (0.000) SELECT `user`.`id`, `user`.`username`, `user`.`password`, `user`.`user_type`, `user`.`email`, `user`.`create_time` FROM `user` WHERE `user`.`username` = 'zhangyadan'; args=('zhangyadan',)
2019-04-26 10:54:58,208 [uWSGIWorker4Core0:140735885751232] [django.db.backends:110] [utils:execute] [DEBUG]- (0.001) SELECT `module`.`id`, `module`.`module_name`, `module`.`module_type`, `module`.`create_time`, `module`.`update_time`, `module`.`module_desc`, `module`.`user_id` FROM `module` WHERE (`module`.`module_type` = 2 AND `module`.`user_id` = 1); args=(2, 1)
2019-04-26 11:01:49,666 [uWSGIWorker4Core0:140735885751232] [django.db.backends:110] [utils:execute] [DEBUG]- (0.000) SET SESSION TRANSACTION ISOLATION LEVEL READ COMMITTED; args=None
2019-04-26 11:01:49,670 [uWSGIWorker4Core0:140735885751232] [django.db.backends:110] [utils:execute] [DEBUG]- (0.002) SELECT `token`.`id`, `token`.`token`, `token`.`update_time`, `token`.`user_id` FROM `token` WHERE `token`.`token` = '603ab5ccb67bb4e9d542ba09e889ccdd' ORDER BY `token`.`id` ASC  LIMIT 1; args=('603ab5ccb67bb4e9d542ba09e889ccdd',)
2019-04-26 11:06:05,752 [uWSGIWorker4Core0:140735885751232] [django.db.backends:110] [utils:execute] [DEBUG]- (0.001) SET SESSION TRANSACTION ISOLATION LEVEL READ COMMITTED; args=None
2019-04-26 11:06:05,757 [uWSGIWorker4Core0:140735885751232] [django.db.backends:110] [utils:execute] [DEBUG]- (0.002) SELECT `token`.`id`, `token`.`token`, `token`.`update_time`, `token`.`user_id` FROM `token` WHERE `token`.`token` = '26b3fc08125f71ab0cfd0bc2f0eb346b' ORDER BY `token`.`id` ASC  LIMIT 1; args=('26b3fc08125f71ab0cfd0bc2f0eb346b',)
2019-04-26 11:06:12,186 [uWSGIWorker4Core0:140735885751232] [django.db.backends:110] [utils:execute] [DEBUG]- (0.000) SET SESSION TRANSACTION ISOLATION LEVEL READ COMMITTED; args=None
2019-04-26 11:06:12,189 [uWSGIWorker4Core0:140735885751232] [django.db.backends:110] [utils:execute] [DEBUG]- (0.001) SELECT `token`.`id`, `token`.`token`, `token`.`update_time`, `token`.`user_id` FROM `token` WHERE `token`.`token` = '26b3fc08125f71ab0cfd0bc2f0eb346b' ORDER BY `token`.`id` ASC  LIMIT 1; args=('26b3fc08125f71ab0cfd0bc2f0eb346b',)
2019-04-26 11:06:41,471 [uWSGIWorker4Core0:140735885751232] [django.db.backends:110] [utils:execute] [DEBUG]- (0.000) SET SESSION TRANSACTION ISOLATION LEVEL READ COMMITTED; args=None
2019-04-26 11:06:41,473 [uWSGIWorker4Core0:140735885751232] [django.db.backends:110] [utils:execute] [DEBUG]- (0.001) SELECT `token`.`id`, `token`.`token`, `token`.`update_time`, `token`.`user_id` FROM `token` WHERE `token`.`token` = '26b3fc08125f71ab0cfd0bc2f0eb346b' ORDER BY `token`.`id` ASC  LIMIT 1; args=('26b3fc08125f71ab0cfd0bc2f0eb346b',)
2019-04-26 11:06:47,528 [uWSGIWorker4Core0:140735885751232] [django.db.backends:110] [utils:execute] [DEBUG]- (0.000) SET SESSION TRANSACTION ISOLATION LEVEL READ COMMITTED; args=None
2019-04-26 11:06:47,530 [uWSGIWorker4Core0:140735885751232] [django.db.backends:110] [utils:execute] [DEBUG]- (0.002) SELECT `user`.`id`, `user`.`username`, `user`.`password`, `user`.`user_type`, `user`.`email`, `user`.`create_time` FROM `user` WHERE (`user`.`password` = '123456' AND `user`.`username` = 'zhangyadan') ORDER BY `user`.`id` ASC  LIMIT 1; args=('123456', 'zhangyadan')
2019-04-26 11:06:47,533 [uWSGIWorker4Core0:140735885751232] [django.db.backends:110] [utils:execute] [DEBUG]- (0.000) SELECT `token`.`id`, `token`.`token`, `token`.`update_time`, `token`.`user_id` FROM `token` WHERE `token`.`user_id` = 1 FOR UPDATE; args=(1,)
2019-04-26 11:06:47,535 [uWSGIWorker4Core0:140735885751232] [django.db.backends:110] [utils:execute] [DEBUG]- (0.001) UPDATE `token` SET `token` = '31a23ef73634e3ba91f713b63751dbb7', `update_time` = '2019-04-26 11:06:47.534304', `user_id` = 1 WHERE `token`.`id` = 1; args=('31a23ef73634e3ba91f713b63751dbb7', '2019-04-26 11:06:47.534304', 1, 1)
2019-04-26 11:07:03,966 [uWSGIWorker4Core0:140735885751232] [django.db.backends:110] [utils:execute] [DEBUG]- (0.000) SET SESSION TRANSACTION ISOLATION LEVEL READ COMMITTED; args=None
2019-04-26 11:07:03,971 [uWSGIWorker4Core0:140735885751232] [django.db.backends:110] [utils:execute] [DEBUG]- (0.001) SELECT `token`.`id`, `token`.`token`, `token`.`update_time`, `token`.`user_id` FROM `token` WHERE `token`.`token` = '26b3fc08125f71ab0cfd0bc2f0eb346b' ORDER BY `token`.`id` ASC  LIMIT 1; args=('26b3fc08125f71ab0cfd0bc2f0eb346b',)
2019-04-26 11:34:40,567 [MainThread:140735885751232] [django.utils.autoreload:578] [autoreload:run_with_reloader] [INFO]- Watching for file changes with StatReloader
2019-04-26 11:34:40,569 [MainThread:140735885751232] [django.utils.autoreload:267] [autoreload:run] [DEBUG]- Waiting for apps ready_event.
2019-04-26 11:34:40,830 [MainThread:140735885751232] [django.utils.autoreload:273] [autoreload:run] [DEBUG]- Apps ready_event triggered. Sending autoreload_started signal.
2019-04-26 11:34:40,838 [MainThread:140735885751232] [django.utils.autoreload:226] [autoreload:watch_dir] [DEBUG]- Watching dir /Users/liuzhanhui/workspace/python/web_auto/locale with glob **/*.mo.
2019-04-26 11:34:40,843 [MainThread:140735885751232] [django.utils.autoreload:226] [autoreload:watch_dir] [DEBUG]- Watching dir /Users/liuzhanhui/workspace/python/web_auto/venv/lib/python3.6/site-packages/django/contrib/admin/locale with glob **/*.mo.
2019-04-26 11:34:40,844 [MainThread:140735885751232] [django.utils.autoreload:226] [autoreload:watch_dir] [DEBUG]- Watching dir /Users/liuzhanhui/workspace/python/web_auto/venv/lib/python3.6/site-packages/django/contrib/auth/locale with glob **/*.mo.
2019-04-26 11:34:40,844 [MainThread:140735885751232] [django.utils.autoreload:226] [autoreload:watch_dir] [DEBUG]- Watching dir /Users/liuzhanhui/workspace/python/web_auto/venv/lib/python3.6/site-packages/django/contrib/contenttypes/locale with glob **/*.mo.
2019-04-26 11:34:40,844 [MainThread:140735885751232] [django.utils.autoreload:226] [autoreload:watch_dir] [DEBUG]- Watching dir /Users/liuzhanhui/workspace/python/web_auto/venv/lib/python3.6/site-packages/django/contrib/sessions/locale with glob **/*.mo.
2019-04-26 11:34:40,845 [MainThread:140735885751232] [django.utils.autoreload:226] [autoreload:watch_dir] [DEBUG]- Watching dir /Users/liuzhanhui/workspace/python/web_auto/venv/lib/python3.6/site-packages/django/contrib/messages/locale with glob **/*.mo.
2019-04-26 11:34:40,845 [MainThread:140735885751232] [django.utils.autoreload:226] [autoreload:watch_dir] [DEBUG]- Watching dir /Users/liuzhanhui/workspace/python/web_auto/venv/lib/python3.6/site-packages/django/contrib/staticfiles/locale with glob **/*.mo.
2019-04-26 11:34:40,845 [MainThread:140735885751232] [django.utils.autoreload:226] [autoreload:watch_dir] [DEBUG]- Watching dir /Users/liuzhanhui/workspace/python/web_auto/venv/lib/python3.6/site-packages/corsheaders/locale with glob **/*.mo.
2019-04-26 11:34:40,845 [MainThread:140735885751232] [django.utils.autoreload:226] [autoreload:watch_dir] [DEBUG]- Watching dir /Users/liuzhanhui/workspace/python/web_auto/venv/lib/python3.6/site-packages/rest_framework/locale with glob **/*.mo.
2019-04-26 11:34:40,846 [MainThread:140735885751232] [django.utils.autoreload:226] [autoreload:watch_dir] [DEBUG]- Watching dir /Users/liuzhanhui/workspace/python/web_auto/apps/teacherspace/locale with glob **/*.mo.
2019-04-26 11:34:40,846 [MainThread:140735885751232] [django.utils.autoreload:226] [autoreload:watch_dir] [DEBUG]- Watching dir /Users/liuzhanhui/workspace/python/web_auto/apps/teacherpad/locale with glob **/*.mo.
2019-04-26 11:34:40,847 [MainThread:140735885751232] [django.utils.autoreload:226] [autoreload:watch_dir] [DEBUG]- Watching dir /Users/liuzhanhui/workspace/python/web_auto/apps/users/locale with glob **/*.mo.
2019-04-26 11:34:40,981 [Thread-1:123145539231744] [django.db.backends:110] [utils:execute] [DEBUG]- (0.001) SELECT @@SQL_AUTO_IS_NULL; args=None
2019-04-26 11:34:40,982 [Thread-1:123145539231744] [django.db.backends:110] [utils:execute] [DEBUG]- (0.001) SET SESSION TRANSACTION ISOLATION LEVEL READ COMMITTED; args=None
2019-04-26 11:34:40,987 [Thread-1:123145539231744] [django.db.backends:110] [utils:execute] [DEBUG]- (0.005) SHOW FULL TABLES; args=None
2019-04-26 11:34:40,995 [Thread-1:123145539231744] [django.db.backends:110] [utils:execute] [DEBUG]- (0.001) SELECT `django_migrations`.`app`, `django_migrations`.`name` FROM `django_migrations`; args=()
2019-04-26 11:34:48,089 [Thread-2:123145544486912] [django.server:154] [basehttp:log_message] [ERROR]- "POST /api/login/ HTTP/1.1" 500 86357
2019-04-26 11:35:44,809 [Thread-3:123145544486912] [django.server:154] [basehttp:log_message] [ERROR]- "POST /api/login/ HTTP/1.1" 500 86357
2019-04-26 11:52:08,607 [Thread-4:123145544486912] [django.server:154] [basehttp:log_message] [ERROR]- "POST /api/login/ HTTP/1.1" 500 86727
2019-04-26 11:58:22,182 [Thread-5:123145544486912] [django.server:154] [basehttp:log_message] [ERROR]- "POST /api/login/ HTTP/1.1" 500 86804
2019-04-26 12:02:54,762 [Thread-6:123145544486912] [django.db.backends:110] [utils:execute] [DEBUG]- (0.000) SELECT @@SQL_AUTO_IS_NULL; args=None
2019-04-26 12:02:54,764 [Thread-6:123145544486912] [django.db.backends:110] [utils:execute] [DEBUG]- (0.000) SET SESSION TRANSACTION ISOLATION LEVEL READ COMMITTED; args=None
2019-04-26 12:02:54,771 [Thread-6:123145544486912] [django.db.backends:110] [utils:execute] [DEBUG]- (0.006) SELECT `user`.`id`, `user`.`username`, `user`.`password`, `user`.`user_type`, `user`.`email`, `user`.`create_time` FROM `user` WHERE (`user`.`email` = 'zhangyadan@okay.cn' AND `user`.`password` = '123456') ORDER BY `user`.`id` ASC  LIMIT 1; args=('zhangyadan@okay.cn', '123456')
2019-04-26 12:02:54,780 [Thread-6:123145544486912] [django.db.backends:110] [utils:execute] [DEBUG]- (0.005) SELECT `token`.`id`, `token`.`token`, `token`.`update_time`, `token`.`user_id` FROM `token` WHERE `token`.`user_id` = 1 FOR UPDATE; args=(1,)
2019-04-26 12:02:54,785 [Thread-6:123145544486912] [django.db.backends:110] [utils:execute] [DEBUG]- (0.003) UPDATE `token` SET `token` = 'dd5d39de688695e42a4e65bd6d2e9533', `update_time` = '2019-04-26 12:02:54.781612', `user_id` = 1 WHERE `token`.`id` = 1; args=('dd5d39de688695e42a4e65bd6d2e9533', '2019-04-26 12:02:54.781612', 1, 1)
2019-04-26 12:02:54,791 [Thread-6:123145544486912] [django.server:154] [basehttp:log_message] [INFO]- "POST /api/login/ HTTP/1.1" 200 101
2019-04-26 12:02:54,849 [Thread-7:123145544486912] [django.db.backends:110] [utils:execute] [DEBUG]- (0.000) SELECT @@SQL_AUTO_IS_NULL; args=None
2019-04-26 12:02:54,850 [Thread-7:123145544486912] [django.db.backends:110] [utils:execute] [DEBUG]- (0.000) SET SESSION TRANSACTION ISOLATION LEVEL READ COMMITTED; args=None
2019-04-26 12:02:54,853 [Thread-7:123145544486912] [django.db.backends:110] [utils:execute] [DEBUG]- (0.002) SELECT `token`.`id`, `token`.`token`, `token`.`update_time`, `token`.`user_id` FROM `token` WHERE `token`.`token` = 'dd5d39de688695e42a4e65bd6d2e9533' ORDER BY `token`.`id` ASC  LIMIT 1; args=('dd5d39de688695e42a4e65bd6d2e9533',)
2019-04-26 12:02:54,871 [Thread-7:123145544486912] [django.db.backends:110] [utils:execute] [DEBUG]- (0.003) SELECT `user`.`id`, `user`.`username`, `user`.`password`, `user`.`user_type`, `user`.`email`, `user`.`create_time` FROM `user` WHERE `user`.`id` = 1; args=(1,)
2019-04-26 12:02:54,875 [Thread-7:123145544486912] [django.db.backends:110] [utils:execute] [DEBUG]- (0.003) SELECT `user`.`id`, `user`.`username`, `user`.`password`, `user`.`user_type`, `user`.`email`, `user`.`create_time` FROM `user` WHERE `user`.`username` = 'zhangyadan'; args=('zhangyadan',)
2019-04-26 12:02:54,882 [Thread-7:123145544486912] [django.db.backends:110] [utils:execute] [DEBUG]- (0.004) SELECT `module`.`id`, `module`.`module_name`, `module`.`module_type`, `module`.`create_time`, `module`.`update_time`, `module`.`module_desc`, `module`.`user_id` FROM `module` WHERE (`module`.`module_type` = 2 AND `module`.`user_id` = 1); args=(2, 1)
2019-04-26 12:02:54,886 [Thread-7:123145544486912] [django.server:154] [basehttp:log_message] [INFO]- "GET /api/teacherPad/module/user/zhangyadan HTTP/1.1" 200 678
2019-04-26 12:08:34,002 [Thread-8:123145544486912] [django.db.backends:110] [utils:execute] [DEBUG]- (0.002) SELECT @@SQL_AUTO_IS_NULL; args=None
2019-04-26 12:08:34,005 [Thread-8:123145544486912] [django.db.backends:110] [utils:execute] [DEBUG]- (0.000) SET SESSION TRANSACTION ISOLATION LEVEL READ COMMITTED; args=None
2019-04-26 12:08:34,009 [Thread-8:123145544486912] [django.db.backends:110] [utils:execute] [DEBUG]- (0.003) SELECT `token`.`id`, `token`.`token`, `token`.`update_time`, `token`.`user_id` FROM `token` WHERE `token`.`token` = '26b3fc08125f71ab0cfd0bc2f0eb346b' ORDER BY `token`.`id` ASC  LIMIT 1; args=('26b3fc08125f71ab0cfd0bc2f0eb346b',)
2019-04-26 12:08:34,020 [Thread-8:123145544486912] [django.server:154] [basehttp:log_message] [WARNING]- "GET /api/teacherPad/module/user/zhangyadan HTTP/1.1" 403 42
2019-04-26 12:08:59,983 [Thread-9:123145544486912] [django.db.backends:110] [utils:execute] [DEBUG]- (0.000) SELECT @@SQL_AUTO_IS_NULL; args=None
2019-04-26 12:08:59,984 [Thread-9:123145544486912] [django.db.backends:110] [utils:execute] [DEBUG]- (0.000) SET SESSION TRANSACTION ISOLATION LEVEL READ COMMITTED; args=None
2019-04-26 12:08:59,990 [Thread-9:123145544486912] [django.db.backends:110] [utils:execute] [DEBUG]- (0.006) SELECT `token`.`id`, `token`.`token`, `token`.`update_time`, `token`.`user_id` FROM `token` WHERE `token`.`token` = '26b3fc08125f71ab0cfd0bc2f0eb346b' ORDER BY `token`.`id` ASC  LIMIT 1; args=('26b3fc08125f71ab0cfd0bc2f0eb346b',)
2019-04-26 12:08:59,994 [Thread-9:123145544486912] [django.server:154] [basehttp:log_message] [WARNING]- "GET /api/teacherPad/module/user/zhangyadan HTTP/1.1" 403 42
2019-04-26 12:09:02,267 [Thread-10:123145544486912] [django.db.backends:110] [utils:execute] [DEBUG]- (0.000) SELECT @@SQL_AUTO_IS_NULL; args=None
2019-04-26 12:09:02,268 [Thread-10:123145544486912] [django.db.backends:110] [utils:execute] [DEBUG]- (0.000) SET SESSION TRANSACTION ISOLATION LEVEL READ COMMITTED; args=None
2019-04-26 12:09:02,271 [Thread-10:123145544486912] [django.db.backends:110] [utils:execute] [DEBUG]- (0.003) SELECT `token`.`id`, `token`.`token`, `token`.`update_time`, `token`.`user_id` FROM `token` WHERE `token`.`token` = '26b3fc08125f71ab0cfd0bc2f0eb346b' ORDER BY `token`.`id` ASC  LIMIT 1; args=('26b3fc08125f71ab0cfd0bc2f0eb346b',)
2019-04-26 12:09:02,274 [Thread-10:123145544486912] [django.server:154] [basehttp:log_message] [WARNING]- "GET /api/teacherPad/module/user/zhangyadan HTTP/1.1" 403 42
2019-04-26 12:11:38,784 [Thread-11:123145544486912] [django.db.backends:110] [utils:execute] [DEBUG]- (0.000) SELECT @@SQL_AUTO_IS_NULL; args=None
2019-04-26 12:11:38,785 [Thread-11:123145544486912] [django.db.backends:110] [utils:execute] [DEBUG]- (0.000) SET SESSION TRANSACTION ISOLATION LEVEL READ COMMITTED; args=None
2019-04-26 12:11:38,787 [Thread-11:123145544486912] [django.db.backends:110] [utils:execute] [DEBUG]- (0.001) SELECT `token`.`id`, `token`.`token`, `token`.`update_time`, `token`.`user_id` FROM `token` WHERE `token`.`token` = '26b3fc08125f71ab0cfd0bc2f0eb346b' ORDER BY `token`.`id` ASC  LIMIT 1; args=('26b3fc08125f71ab0cfd0bc2f0eb346b',)
2019-04-26 12:11:38,790 [Thread-11:123145544486912] [django.server:154] [basehttp:log_message] [WARNING]- "GET /api/teacherPad/module/user/zhangyadan HTTP/1.1" 403 42
2019-04-26 12:12:23,447 [Thread-12:123145544486912] [django.db.backends:110] [utils:execute] [DEBUG]- (0.000) SELECT @@SQL_AUTO_IS_NULL; args=None
2019-04-26 12:12:23,448 [Thread-12:123145544486912] [django.db.backends:110] [utils:execute] [DEBUG]- (0.000) SET SESSION TRANSACTION ISOLATION LEVEL READ COMMITTED; args=None
2019-04-26 12:12:23,449 [Thread-12:123145544486912] [django.db.backends:110] [utils:execute] [DEBUG]- (0.001) SELECT `token`.`id`, `token`.`token`, `token`.`update_time`, `token`.`user_id` FROM `token` WHERE `token`.`token` = '26b3fc08125f71ab0cfd0bc2f0eb346b' ORDER BY `token`.`id` ASC  LIMIT 1; args=('26b3fc08125f71ab0cfd0bc2f0eb346b',)
2019-04-26 12:12:23,451 [Thread-12:123145544486912] [django.server:154] [basehttp:log_message] [WARNING]- "GET /api/teacherPad/module/user/zhangyadan HTTP/1.1" 403 42
2019-04-26 12:12:26,391 [Thread-13:123145544486912] [django.db.backends:110] [utils:execute] [DEBUG]- (0.000) SELECT @@SQL_AUTO_IS_NULL; args=None
2019-04-26 12:12:26,392 [Thread-13:123145544486912] [django.db.backends:110] [utils:execute] [DEBUG]- (0.000) SET SESSION TRANSACTION ISOLATION LEVEL READ COMMITTED; args=None
2019-04-26 12:12:26,393 [Thread-13:123145544486912] [django.db.backends:110] [utils:execute] [DEBUG]- (0.001) SELECT `token`.`id`, `token`.`token`, `token`.`update_time`, `token`.`user_id` FROM `token` WHERE `token`.`token` = '26b3fc08125f71ab0cfd0bc2f0eb346b' ORDER BY `token`.`id` ASC  LIMIT 1; args=('26b3fc08125f71ab0cfd0bc2f0eb346b',)
2019-04-26 12:12:26,395 [Thread-13:123145544486912] [django.server:154] [basehttp:log_message] [WARNING]- "GET /api/teacherPad/module/user/zhangyadan HTTP/1.1" 403 42
2019-04-26 17:26:41,586 [MainThread:140737218737088] [django.utils.autoreload:578] [autoreload:run_with_reloader] [INFO]- Watching for file changes with StatReloader
2019-04-26 17:26:41,586 [MainThread:140737218737088] [django.utils.autoreload:267] [autoreload:run] [DEBUG]- Waiting for apps ready_event.
2019-04-26 17:26:41,815 [MainThread:140737218737088] [django.utils.autoreload:273] [autoreload:run] [DEBUG]- Apps ready_event triggered. Sending autoreload_started signal.
2019-04-26 17:26:41,821 [MainThread:140737218737088] [django.utils.autoreload:226] [autoreload:watch_dir] [DEBUG]- Watching dir /Users/liuzhanhui/workspace/python/web_auto/locale with glob **/*.mo.
2019-04-26 17:26:41,822 [MainThread:140737218737088] [django.utils.autoreload:226] [autoreload:watch_dir] [DEBUG]- Watching dir /Users/liuzhanhui/workspace/python/web_auto/venv/lib/python3.6/site-packages/django/contrib/admin/locale with glob **/*.mo.
2019-04-26 17:26:41,822 [MainThread:140737218737088] [django.utils.autoreload:226] [autoreload:watch_dir] [DEBUG]- Watching dir /Users/liuzhanhui/workspace/python/web_auto/venv/lib/python3.6/site-packages/django/contrib/auth/locale with glob **/*.mo.
2019-04-26 17:26:41,822 [MainThread:140737218737088] [django.utils.autoreload:226] [autoreload:watch_dir] [DEBUG]- Watching dir /Users/liuzhanhui/workspace/python/web_auto/venv/lib/python3.6/site-packages/django/contrib/contenttypes/locale with glob **/*.mo.
2019-04-26 17:26:41,823 [MainThread:140737218737088] [django.utils.autoreload:226] [autoreload:watch_dir] [DEBUG]- Watching dir /Users/liuzhanhui/workspace/python/web_auto/venv/lib/python3.6/site-packages/django/contrib/sessions/locale with glob **/*.mo.
2019-04-26 17:26:41,823 [MainThread:140737218737088] [django.utils.autoreload:226] [autoreload:watch_dir] [DEBUG]- Watching dir /Users/liuzhanhui/workspace/python/web_auto/venv/lib/python3.6/site-packages/django/contrib/messages/locale with glob **/*.mo.
2019-04-26 17:26:41,823 [MainThread:140737218737088] [django.utils.autoreload:226] [autoreload:watch_dir] [DEBUG]- Watching dir /Users/liuzhanhui/workspace/python/web_auto/venv/lib/python3.6/site-packages/django/contrib/staticfiles/locale with glob **/*.mo.
2019-04-26 17:26:41,824 [MainThread:140737218737088] [django.utils.autoreload:226] [autoreload:watch_dir] [DEBUG]- Watching dir /Users/liuzhanhui/workspace/python/web_auto/venv/lib/python3.6/site-packages/corsheaders/locale with glob **/*.mo.
2019-04-26 17:26:41,824 [MainThread:140737218737088] [django.utils.autoreload:226] [autoreload:watch_dir] [DEBUG]- Watching dir /Users/liuzhanhui/workspace/python/web_auto/venv/lib/python3.6/site-packages/rest_framework/locale with glob **/*.mo.
2019-04-26 17:26:41,825 [MainThread:140737218737088] [django.utils.autoreload:226] [autoreload:watch_dir] [DEBUG]- Watching dir /Users/liuzhanhui/workspace/python/web_auto/apps/teacherspace/locale with glob **/*.mo.
2019-04-26 17:26:41,825 [MainThread:140737218737088] [django.utils.autoreload:226] [autoreload:watch_dir] [DEBUG]- Watching dir /Users/liuzhanhui/workspace/python/web_auto/apps/teacherpad/locale with glob **/*.mo.
2019-04-26 17:26:41,826 [MainThread:140737218737088] [django.utils.autoreload:226] [autoreload:watch_dir] [DEBUG]- Watching dir /Users/liuzhanhui/workspace/python/web_auto/apps/users/locale with glob **/*.mo.
2019-04-26 17:26:41,974 [Thread-1:123145426747392] [django.db.backends:110] [utils:execute] [DEBUG]- (0.001) SELECT @@SQL_AUTO_IS_NULL; args=None
2019-04-26 17:26:41,975 [Thread-1:123145426747392] [django.db.backends:110] [utils:execute] [DEBUG]- (0.001) SET SESSION TRANSACTION ISOLATION LEVEL READ COMMITTED; args=None
2019-04-26 17:26:41,977 [Thread-1:123145426747392] [django.db.backends:110] [utils:execute] [DEBUG]- (0.001) SHOW FULL TABLES; args=None
2019-04-26 17:26:41,992 [Thread-1:123145426747392] [django.db.backends:110] [utils:execute] [DEBUG]- (0.010) SELECT `django_migrations`.`app`, `django_migrations`.`name` FROM `django_migrations`; args=()
2019-04-26 17:40:45,717 [Thread-2:123145432002560] [django.db.backends:110] [utils:execute] [DEBUG]- (0.000) SELECT @@SQL_AUTO_IS_NULL; args=None
2019-04-26 17:40:45,718 [Thread-2:123145432002560] [django.db.backends:110] [utils:execute] [DEBUG]- (0.000) SET SESSION TRANSACTION ISOLATION LEVEL READ COMMITTED; args=None
2019-04-26 17:40:45,725 [Thread-2:123145432002560] [django.db.backends:110] [utils:execute] [DEBUG]- (0.007) SELECT `user`.`id`, `user`.`username`, `user`.`password`, `user`.`user_type`, `user`.`email`, `user`.`create_time` FROM `user` WHERE (`user`.`email` = 'zhangyadan@okay.cn' AND `user`.`password` = '123456') ORDER BY `user`.`id` ASC  LIMIT 1; args=('zhangyadan@okay.cn', '123456')
2019-04-26 17:40:45,731 [Thread-2:123145432002560] [django.db.backends:110] [utils:execute] [DEBUG]- (0.004) SELECT `token`.`id`, `token`.`token`, `token`.`update_time`, `token`.`user_id` FROM `token` WHERE `token`.`user_id` = 1 FOR UPDATE; args=(1,)
2019-04-26 17:40:45,742 [Thread-2:123145432002560] [django.db.backends:110] [utils:execute] [DEBUG]- (0.009) UPDATE `token` SET `token` = '8e5e07b6a5b95516ca6a1780c17ccaea', `update_time` = '2019-04-26 17:40:45.733154', `user_id` = 1 WHERE `token`.`id` = 1; args=('8e5e07b6a5b95516ca6a1780c17ccaea', '2019-04-26 17:40:45.733154', 1, 1)
2019-04-26 17:40:45,746 [Thread-2:123145432002560] [django.server:154] [basehttp:log_message] [INFO]- "POST /api/login/ HTTP/1.1" 200 101
2019-04-26 17:40:45,777 [Thread-3:123145432002560] [django.db.backends:110] [utils:execute] [DEBUG]- (0.000) SELECT @@SQL_AUTO_IS_NULL; args=None
2019-04-26 17:40:45,778 [Thread-3:123145432002560] [django.db.backends:110] [utils:execute] [DEBUG]- (0.000) SET SESSION TRANSACTION ISOLATION LEVEL READ COMMITTED; args=None
2019-04-26 17:40:45,779 [Thread-3:123145432002560] [django.db.backends:110] [utils:execute] [DEBUG]- (0.001) SELECT `token`.`id`, `token`.`token`, `token`.`update_time`, `token`.`user_id` FROM `token` WHERE `token`.`token` = '8e5e07b6a5b95516ca6a1780c17ccaea' ORDER BY `token`.`id` ASC  LIMIT 1; args=('8e5e07b6a5b95516ca6a1780c17ccaea',)
2019-04-26 17:40:45,790 [Thread-3:123145432002560] [django.db.backends:110] [utils:execute] [DEBUG]- (0.001) SELECT `user`.`id`, `user`.`username`, `user`.`password`, `user`.`user_type`, `user`.`email`, `user`.`create_time` FROM `user` WHERE `user`.`id` = 1; args=(1,)
2019-04-26 17:40:45,792 [Thread-3:123145432002560] [django.db.backends:110] [utils:execute] [DEBUG]- (0.001) SELECT `user`.`id`, `user`.`username`, `user`.`password`, `user`.`user_type`, `user`.`email`, `user`.`create_time` FROM `user` WHERE `user`.`username` = 'zhangyadan'; args=('zhangyadan',)
2019-04-26 17:40:45,796 [Thread-3:123145432002560] [django.db.backends:110] [utils:execute] [DEBUG]- (0.002) SELECT `module`.`id`, `module`.`module_name`, `module`.`module_type`, `module`.`create_time`, `module`.`update_time`, `module`.`module_desc`, `module`.`user_id` FROM `module` WHERE (`module`.`module_type` = 2 AND `module`.`user_id` = 1); args=(2, 1)
2019-04-26 17:40:45,799 [Thread-3:123145432002560] [django.server:154] [basehttp:log_message] [INFO]- "GET /api/teacherPad/module/user/zhangyadan HTTP/1.1" 200 678
2019-04-26 17:40:53,489 [Thread-4:123145432002560] [django.db.backends:110] [utils:execute] [DEBUG]- (0.000) SELECT @@SQL_AUTO_IS_NULL; args=None
2019-04-26 17:40:53,490 [Thread-4:123145432002560] [django.db.backends:110] [utils:execute] [DEBUG]- (0.000) SET SESSION TRANSACTION ISOLATION LEVEL READ COMMITTED; args=None
2019-04-26 17:40:53,491 [Thread-4:123145432002560] [django.db.backends:110] [utils:execute] [DEBUG]- (0.001) SELECT `user`.`id`, `user`.`username`, `user`.`password`, `user`.`user_type`, `user`.`email`, `user`.`create_time` FROM `user` WHERE (`user`.`email` = 'zhangyadan@okay.cn' AND `user`.`password` = '123456') ORDER BY `user`.`id` ASC  LIMIT 1; args=('zhangyadan@okay.cn', '123456')
2019-04-26 17:40:53,494 [Thread-4:123145432002560] [django.db.backends:110] [utils:execute] [DEBUG]- (0.000) SELECT `token`.`id`, `token`.`token`, `token`.`update_time`, `token`.`user_id` FROM `token` WHERE `token`.`user_id` = 1 FOR UPDATE; args=(1,)
2019-04-26 17:40:53,496 [Thread-4:123145432002560] [django.db.backends:110] [utils:execute] [DEBUG]- (0.001) UPDATE `token` SET `token` = 'e6e7f97956bc4069e8c428e92c48ac14', `update_time` = '2019-04-26 17:40:53.494752', `user_id` = 1 WHERE `token`.`id` = 1; args=('e6e7f97956bc4069e8c428e92c48ac14', '2019-04-26 17:40:53.494752', 1, 1)
2019-04-26 17:40:53,498 [Thread-4:123145432002560] [django.server:154] [basehttp:log_message] [INFO]- "POST /api/login/ HTTP/1.1" 200 101
2019-04-26 17:40:53,519 [Thread-5:123145432002560] [django.db.backends:110] [utils:execute] [DEBUG]- (0.001) SELECT @@SQL_AUTO_IS_NULL; args=None
2019-04-26 17:40:53,520 [Thread-5:123145432002560] [django.db.backends:110] [utils:execute] [DEBUG]- (0.000) SET SESSION TRANSACTION ISOLATION LEVEL READ COMMITTED; args=None
2019-04-26 17:40:53,521 [Thread-5:123145432002560] [django.db.backends:110] [utils:execute] [DEBUG]- (0.001) SELECT `token`.`id`, `token`.`token`, `token`.`update_time`, `token`.`user_id` FROM `token` WHERE `token`.`token` = 'e6e7f97956bc4069e8c428e92c48ac14' ORDER BY `token`.`id` ASC  LIMIT 1; args=('e6e7f97956bc4069e8c428e92c48ac14',)
2019-04-26 17:40:53,523 [Thread-5:123145432002560] [django.db.backends:110] [utils:execute] [DEBUG]- (0.000) SELECT `user`.`id`, `user`.`username`, `user`.`password`, `user`.`user_type`, `user`.`email`, `user`.`create_time` FROM `user` WHERE `user`.`id` = 1; args=(1,)
2019-04-26 17:40:53,525 [Thread-5:123145432002560] [django.db.backends:110] [utils:execute] [DEBUG]- (0.000) SELECT `user`.`id`, `user`.`username`, `user`.`password`, `user`.`user_type`, `user`.`email`, `user`.`create_time` FROM `user` WHERE `user`.`username` = 'zhangyadan'; args=('zhangyadan',)
2019-04-26 17:40:53,527 [Thread-5:123145432002560] [django.db.backends:110] [utils:execute] [DEBUG]- (0.001) SELECT `module`.`id`, `module`.`module_name`, `module`.`module_type`, `module`.`create_time`, `module`.`update_time`, `module`.`module_desc`, `module`.`user_id` FROM `module` WHERE (`module`.`module_type` = 2 AND `module`.`user_id` = 1); args=(2, 1)
2019-04-26 17:40:53,528 [Thread-5:123145432002560] [django.server:154] [basehttp:log_message] [INFO]- "GET /api/teacherPad/module/user/zhangyadan HTTP/1.1" 200 678
2019-04-26 17:41:15,662 [Thread-6:123145432002560] [django.db.backends:110] [utils:execute] [DEBUG]- (0.000) SELECT @@SQL_AUTO_IS_NULL; args=None
2019-04-26 17:41:15,663 [Thread-6:123145432002560] [django.db.backends:110] [utils:execute] [DEBUG]- (0.000) SET SESSION TRANSACTION ISOLATION LEVEL READ COMMITTED; args=None
2019-04-26 17:41:15,664 [Thread-6:123145432002560] [django.db.backends:110] [utils:execute] [DEBUG]- (0.001) SELECT `user`.`id`, `user`.`username`, `user`.`password`, `user`.`user_type`, `user`.`email`, `user`.`create_time` FROM `user` WHERE (`user`.`email` = 'zhangyadan@okay.cn' AND `user`.`password` = '123456') ORDER BY `user`.`id` ASC  LIMIT 1; args=('zhangyadan@okay.cn', '123456')
2019-04-26 17:41:15,667 [Thread-6:123145432002560] [django.db.backends:110] [utils:execute] [DEBUG]- (0.001) SELECT `token`.`id`, `token`.`token`, `token`.`update_time`, `token`.`user_id` FROM `token` WHERE `token`.`user_id` = 1 FOR UPDATE; args=(1,)
2019-04-26 17:41:15,671 [Thread-6:123145432002560] [django.db.backends:110] [utils:execute] [DEBUG]- (0.001) UPDATE `token` SET `token` = '5ad5175c4a7afb2c84f19293e6fda813', `update_time` = '2019-04-26 17:41:15.668980', `user_id` = 1 WHERE `token`.`id` = 1; args=('5ad5175c4a7afb2c84f19293e6fda813', '2019-04-26 17:41:15.668980', 1, 1)
2019-04-26 17:41:15,673 [Thread-6:123145432002560] [django.server:154] [basehttp:log_message] [INFO]- "POST /api/login/ HTTP/1.1" 200 101
2019-04-26 17:41:15,709 [Thread-7:123145432002560] [django.db.backends:110] [utils:execute] [DEBUG]- (0.001) SELECT @@SQL_AUTO_IS_NULL; args=None
2019-04-26 17:41:15,709 [Thread-7:123145432002560] [django.db.backends:110] [utils:execute] [DEBUG]- (0.000) SET SESSION TRANSACTION ISOLATION LEVEL READ COMMITTED; args=None
2019-04-26 17:41:15,711 [Thread-7:123145432002560] [django.db.backends:110] [utils:execute] [DEBUG]- (0.001) SELECT `token`.`id`, `token`.`token`, `token`.`update_time`, `token`.`user_id` FROM `token` WHERE `token`.`token` = '5ad5175c4a7afb2c84f19293e6fda813' ORDER BY `token`.`id` ASC  LIMIT 1; args=('5ad5175c4a7afb2c84f19293e6fda813',)
2019-04-26 17:41:15,716 [Thread-7:123145432002560] [django.db.backends:110] [utils:execute] [DEBUG]- (0.001) SELECT `user`.`id`, `user`.`username`, `user`.`password`, `user`.`user_type`, `user`.`email`, `user`.`create_time` FROM `user` WHERE `user`.`id` = 1; args=(1,)
2019-04-26 17:41:15,720 [Thread-7:123145432002560] [django.db.backends:110] [utils:execute] [DEBUG]- (0.001) SELECT `user`.`id`, `user`.`username`, `user`.`password`, `user`.`user_type`, `user`.`email`, `user`.`create_time` FROM `user` WHERE `user`.`username` = 'zhangyadan'; args=('zhangyadan',)
2019-04-26 17:41:15,723 [Thread-7:123145432002560] [django.db.backends:110] [utils:execute] [DEBUG]- (0.001) SELECT `module`.`id`, `module`.`module_name`, `module`.`module_type`, `module`.`create_time`, `module`.`update_time`, `module`.`module_desc`, `module`.`user_id` FROM `module` WHERE (`module`.`module_type` = 2 AND `module`.`user_id` = 1); args=(2, 1)
2019-04-26 17:41:15,725 [Thread-7:123145432002560] [django.server:154] [basehttp:log_message] [INFO]- "GET /api/teacherPad/module/user/zhangyadan HTTP/1.1" 200 678
2019-04-26 17:42:12,681 [Thread-8:123145432002560] [django.db.backends:110] [utils:execute] [DEBUG]- (0.000) SELECT @@SQL_AUTO_IS_NULL; args=None
2019-04-26 17:42:12,683 [Thread-8:123145432002560] [django.db.backends:110] [utils:execute] [DEBUG]- (0.001) SET SESSION TRANSACTION ISOLATION LEVEL READ COMMITTED; args=None
2019-04-26 17:42:12,685 [Thread-8:123145432002560] [django.db.backends:110] [utils:execute] [DEBUG]- (0.002) SELECT `token`.`id`, `token`.`token`, `token`.`update_time`, `token`.`user_id` FROM `token` WHERE `token`.`token` = '26b3fc08125f71ab0cfd0bc2f0eb346b' ORDER BY `token`.`id` ASC  LIMIT 1; args=('26b3fc08125f71ab0cfd0bc2f0eb346b',)
2019-04-26 17:42:12,703 [Thread-8:123145432002560] [django.server:154] [basehttp:log_message] [WARNING]- "GET /api/teacherPad/module/user/zhangyadan HTTP/1.1" 403 42
2019-04-26 17:42:15,040 [Thread-9:123145432002560] [django.db.backends:110] [utils:execute] [DEBUG]- (0.000) SELECT @@SQL_AUTO_IS_NULL; args=None
2019-04-26 17:42:15,041 [Thread-9:123145432002560] [django.db.backends:110] [utils:execute] [DEBUG]- (0.001) SET SESSION TRANSACTION ISOLATION LEVEL READ COMMITTED; args=None
2019-04-26 17:42:15,042 [Thread-9:123145432002560] [django.db.backends:110] [utils:execute] [DEBUG]- (0.001) SELECT `token`.`id`, `token`.`token`, `token`.`update_time`, `token`.`user_id` FROM `token` WHERE `token`.`token` = '26b3fc08125f71ab0cfd0bc2f0eb346b' ORDER BY `token`.`id` ASC  LIMIT 1; args=('26b3fc08125f71ab0cfd0bc2f0eb346b',)
2019-04-26 17:42:15,045 [Thread-9:123145432002560] [django.server:154] [basehttp:log_message] [WARNING]- "GET /api/teacherPad/module/user/zhangyadan HTTP/1.1" 403 42
2019-04-26 17:42:31,612 [Thread-10:123145432002560] [django.db.backends:110] [utils:execute] [DEBUG]- (0.000) SELECT @@SQL_AUTO_IS_NULL; args=None
2019-04-26 17:42:31,613 [Thread-10:123145432002560] [django.db.backends:110] [utils:execute] [DEBUG]- (0.001) SET SESSION TRANSACTION ISOLATION LEVEL READ COMMITTED; args=None
2019-04-26 17:42:31,614 [Thread-10:123145432002560] [django.db.backends:110] [utils:execute] [DEBUG]- (0.000) SELECT `token`.`id`, `token`.`token`, `token`.`update_time`, `token`.`user_id` FROM `token` WHERE `token`.`token` = '26b3fc08125f71ab0cfd0bc2f0eb346b' ORDER BY `token`.`id` ASC  LIMIT 1; args=('26b3fc08125f71ab0cfd0bc2f0eb346b',)
2019-04-26 17:42:31,616 [Thread-10:123145432002560] [django.server:154] [basehttp:log_message] [WARNING]- "GET /api/teacherPad/module/user/zhangyadan HTTP/1.1" 403 42
2019-04-26 17:42:32,927 [Thread-11:123145432002560] [django.db.backends:110] [utils:execute] [DEBUG]- (0.000) SELECT @@SQL_AUTO_IS_NULL; args=None
2019-04-26 17:42:32,929 [Thread-11:123145432002560] [django.db.backends:110] [utils:execute] [DEBUG]- (0.001) SET SESSION TRANSACTION ISOLATION LEVEL READ COMMITTED; args=None
2019-04-26 17:42:32,933 [Thread-11:123145432002560] [django.db.backends:110] [utils:execute] [DEBUG]- (0.004) SELECT `token`.`id`, `token`.`token`, `token`.`update_time`, `token`.`user_id` FROM `token` WHERE `token`.`token` = '26b3fc08125f71ab0cfd0bc2f0eb346b' ORDER BY `token`.`id` ASC  LIMIT 1; args=('26b3fc08125f71ab0cfd0bc2f0eb346b',)
2019-04-26 17:42:32,936 [Thread-11:123145432002560] [django.server:154] [basehttp:log_message] [WARNING]- "GET /api/teacherPad/module/user/zhangyadan HTTP/1.1" 403 42
2019-04-26 17:42:46,083 [Thread-12:123145432002560] [django.db.backends:110] [utils:execute] [DEBUG]- (0.000) SELECT @@SQL_AUTO_IS_NULL; args=None
2019-04-26 17:42:46,084 [Thread-12:123145432002560] [django.db.backends:110] [utils:execute] [DEBUG]- (0.000) SET SESSION TRANSACTION ISOLATION LEVEL READ COMMITTED; args=None
2019-04-26 17:42:46,086 [Thread-12:123145432002560] [django.db.backends:110] [utils:execute] [DEBUG]- (0.002) SELECT `token`.`id`, `token`.`token`, `token`.`update_time`, `token`.`user_id` FROM `token` WHERE `token`.`token` = '26b3fc08125f71ab0cfd0bc2f0eb346b' ORDER BY `token`.`id` ASC  LIMIT 1; args=('26b3fc08125f71ab0cfd0bc2f0eb346b',)
2019-04-26 17:42:46,089 [Thread-12:123145432002560] [django.server:154] [basehttp:log_message] [WARNING]- "GET /api/teacherPad/module/user/zhangyadan HTTP/1.1" 403 42
