2019-04-25 18:25:52,853 [MainThread:140735885751232] [django.utils.autoreload:578] [autoreload:run_with_reloader] [INFO]- Watching for file changes with StatReloader
2019-04-25 18:25:52,856 [MainThread:140735885751232] [django.utils.autoreload:267] [autoreload:run] [DEBUG]- Waiting for apps ready_event.
2019-04-25 18:26:56,484 [MainThread:140735885751232] [django.utils.autoreload:578] [autoreload:run_with_reloader] [INFO]- Watching for file changes with StatReloader
2019-04-25 18:26:56,486 [MainThread:140735885751232] [django.utils.autoreload:267] [autoreload:run] [DEBUG]- Waiting for apps ready_event.
2019-04-25 18:26:56,741 [MainThread:140735885751232] [django.utils.autoreload:273] [autoreload:run] [DEBUG]- Apps ready_event triggered. Sending autoreload_started signal.
2019-04-25 18:26:56,747 [MainThread:140735885751232] [django.utils.autoreload:226] [autoreload:watch_dir] [DEBUG]- Watching dir /Users/liuzhanhui/workspace/python/web_auto/locale with glob **/*.mo.
2019-04-25 18:26:56,748 [MainThread:140735885751232] [django.utils.autoreload:226] [autoreload:watch_dir] [DEBUG]- Watching dir /Users/liuzhanhui/workspace/python/web_auto/venv/lib/python3.6/site-packages/django/contrib/admin/locale with glob **/*.mo.
2019-04-25 18:26:56,749 [MainThread:140735885751232] [django.utils.autoreload:226] [autoreload:watch_dir] [DEBUG]- Watching dir /Users/liuzhanhui/workspace/python/web_auto/venv/lib/python3.6/site-packages/django/contrib/auth/locale with glob **/*.mo.
2019-04-25 18:26:56,749 [MainThread:140735885751232] [django.utils.autoreload:226] [autoreload:watch_dir] [DEBUG]- Watching dir /Users/liuzhanhui/workspace/python/web_auto/venv/lib/python3.6/site-packages/django/contrib/contenttypes/locale with glob **/*.mo.
2019-04-25 18:26:56,749 [MainThread:140735885751232] [django.utils.autoreload:226] [autoreload:watch_dir] [DEBUG]- Watching dir /Users/liuzhanhui/workspace/python/web_auto/venv/lib/python3.6/site-packages/django/contrib/sessions/locale with glob **/*.mo.
2019-04-25 18:26:56,750 [MainThread:140735885751232] [django.utils.autoreload:226] [autoreload:watch_dir] [DEBUG]- Watching dir /Users/liuzhanhui/workspace/python/web_auto/venv/lib/python3.6/site-packages/django/contrib/messages/locale with glob **/*.mo.
2019-04-25 18:26:56,750 [MainThread:140735885751232] [django.utils.autoreload:226] [autoreload:watch_dir] [DEBUG]- Watching dir /Users/liuzhanhui/workspace/python/web_auto/venv/lib/python3.6/site-packages/django/contrib/staticfiles/locale with glob **/*.mo.
2019-04-25 18:26:56,750 [MainThread:140735885751232] [django.utils.autoreload:226] [autoreload:watch_dir] [DEBUG]- Watching dir /Users/liuzhanhui/workspace/python/web_auto/venv/lib/python3.6/site-packages/corsheaders/locale with glob **/*.mo.
2019-04-25 18:26:56,751 [MainThread:140735885751232] [django.utils.autoreload:226] [autoreload:watch_dir] [DEBUG]- Watching dir /Users/liuzhanhui/workspace/python/web_auto/venv/lib/python3.6/site-packages/rest_framework/locale with glob **/*.mo.
2019-04-25 18:26:56,751 [MainThread:140735885751232] [django.utils.autoreload:226] [autoreload:watch_dir] [DEBUG]- Watching dir /Users/liuzhanhui/workspace/python/web_auto/apps/teacherspace/locale with glob **/*.mo.
2019-04-25 18:26:56,751 [MainThread:140735885751232] [django.utils.autoreload:226] [autoreload:watch_dir] [DEBUG]- Watching dir /Users/liuzhanhui/workspace/python/web_auto/apps/teacherpad/locale with glob **/*.mo.
2019-04-25 18:26:56,752 [MainThread:140735885751232] [django.utils.autoreload:226] [autoreload:watch_dir] [DEBUG]- Watching dir /Users/liuzhanhui/workspace/python/web_auto/apps/users/locale with glob **/*.mo.
2019-04-25 18:26:56,911 [Thread-1:123145561235456] [django.db.backends:110] [utils:execute] [DEBUG]- (0.000) SELECT @@SQL_AUTO_IS_NULL; args=None
2019-04-25 18:26:56,912 [Thread-1:123145561235456] [django.db.backends:110] [utils:execute] [DEBUG]- (0.000) SET SESSION TRANSACTION ISOLATION LEVEL READ COMMITTED; args=None
2019-04-25 18:26:56,918 [Thread-1:123145561235456] [django.db.backends:110] [utils:execute] [DEBUG]- (0.006) SHOW FULL TABLES; args=None
2019-04-25 18:26:56,924 [Thread-1:123145561235456] [django.db.backends:110] [utils:execute] [DEBUG]- (0.002) SELECT `django_migrations`.`app`, `django_migrations`.`name` FROM `django_migrations`; args=()
2019-04-25 18:27:19,738 [MainThread:140735885751232] [django.utils.autoreload:578] [autoreload:run_with_reloader] [INFO]- Watching for file changes with StatReloader
2019-04-25 18:27:19,740 [MainThread:140735885751232] [django.utils.autoreload:267] [autoreload:run] [DEBUG]- Waiting for apps ready_event.
2019-04-25 18:27:19,967 [MainThread:140735885751232] [django.utils.autoreload:273] [autoreload:run] [DEBUG]- Apps ready_event triggered. Sending autoreload_started signal.
2019-04-25 18:27:19,974 [MainThread:140735885751232] [django.utils.autoreload:226] [autoreload:watch_dir] [DEBUG]- Watching dir /Users/liuzhanhui/workspace/python/web_auto/locale with glob **/*.mo.
2019-04-25 18:27:19,974 [MainThread:140735885751232] [django.utils.autoreload:226] [autoreload:watch_dir] [DEBUG]- Watching dir /Users/liuzhanhui/workspace/python/web_auto/venv/lib/python3.6/site-packages/django/contrib/admin/locale with glob **/*.mo.
2019-04-25 18:27:19,975 [MainThread:140735885751232] [django.utils.autoreload:226] [autoreload:watch_dir] [DEBUG]- Watching dir /Users/liuzhanhui/workspace/python/web_auto/venv/lib/python3.6/site-packages/django/contrib/auth/locale with glob **/*.mo.
2019-04-25 18:27:19,975 [MainThread:140735885751232] [django.utils.autoreload:226] [autoreload:watch_dir] [DEBUG]- Watching dir /Users/liuzhanhui/workspace/python/web_auto/venv/lib/python3.6/site-packages/django/contrib/contenttypes/locale with glob **/*.mo.
2019-04-25 18:27:19,976 [MainThread:140735885751232] [django.utils.autoreload:226] [autoreload:watch_dir] [DEBUG]- Watching dir /Users/liuzhanhui/workspace/python/web_auto/venv/lib/python3.6/site-packages/django/contrib/sessions/locale with glob **/*.mo.
2019-04-25 18:27:19,976 [MainThread:140735885751232] [django.utils.autoreload:226] [autoreload:watch_dir] [DEBUG]- Watching dir /Users/liuzhanhui/workspace/python/web_auto/venv/lib/python3.6/site-packages/django/contrib/messages/locale with glob **/*.mo.
2019-04-25 18:27:19,977 [MainThread:140735885751232] [django.utils.autoreload:226] [autoreload:watch_dir] [DEBUG]- Watching dir /Users/liuzhanhui/workspace/python/web_auto/venv/lib/python3.6/site-packages/django/contrib/staticfiles/locale with glob **/*.mo.
2019-04-25 18:27:19,977 [MainThread:140735885751232] [django.utils.autoreload:226] [autoreload:watch_dir] [DEBUG]- Watching dir /Users/liuzhanhui/workspace/python/web_auto/venv/lib/python3.6/site-packages/corsheaders/locale with glob **/*.mo.
2019-04-25 18:27:19,978 [MainThread:140735885751232] [django.utils.autoreload:226] [autoreload:watch_dir] [DEBUG]- Watching dir /Users/liuzhanhui/workspace/python/web_auto/venv/lib/python3.6/site-packages/rest_framework/locale with glob **/*.mo.
2019-04-25 18:27:19,978 [MainThread:140735885751232] [django.utils.autoreload:226] [autoreload:watch_dir] [DEBUG]- Watching dir /Users/liuzhanhui/workspace/python/web_auto/apps/teacherspace/locale with glob **/*.mo.
2019-04-25 18:27:19,979 [MainThread:140735885751232] [django.utils.autoreload:226] [autoreload:watch_dir] [DEBUG]- Watching dir /Users/liuzhanhui/workspace/python/web_auto/apps/teacherpad/locale with glob **/*.mo.
2019-04-25 18:27:19,979 [MainThread:140735885751232] [django.utils.autoreload:226] [autoreload:watch_dir] [DEBUG]- Watching dir /Users/liuzhanhui/workspace/python/web_auto/apps/users/locale with glob **/*.mo.
2019-04-25 18:27:20,112 [Thread-1:123145547018240] [django.db.backends:110] [utils:execute] [DEBUG]- (0.001) SELECT @@SQL_AUTO_IS_NULL; args=None
2019-04-25 18:27:20,113 [Thread-1:123145547018240] [django.db.backends:110] [utils:execute] [DEBUG]- (0.000) SET SESSION TRANSACTION ISOLATION LEVEL READ COMMITTED; args=None
2019-04-25 18:27:20,117 [Thread-1:123145547018240] [django.db.backends:110] [utils:execute] [DEBUG]- (0.004) SHOW FULL TABLES; args=None
2019-04-25 18:27:20,128 [Thread-1:123145547018240] [django.db.backends:110] [utils:execute] [DEBUG]- (0.003) SELECT `django_migrations`.`app`, `django_migrations`.`name` FROM `django_migrations`; args=()
2019-04-25 18:28:17,324 [MainThread:140735885751232] [django.utils.autoreload:578] [autoreload:run_with_reloader] [INFO]- Watching for file changes with StatReloader
2019-04-25 18:28:17,327 [MainThread:140735885751232] [django.utils.autoreload:267] [autoreload:run] [DEBUG]- Waiting for apps ready_event.
2019-04-25 18:28:17,603 [MainThread:140735885751232] [django.utils.autoreload:273] [autoreload:run] [DEBUG]- Apps ready_event triggered. Sending autoreload_started signal.
2019-04-25 18:28:17,612 [MainThread:140735885751232] [django.utils.autoreload:226] [autoreload:watch_dir] [DEBUG]- Watching dir /Users/liuzhanhui/workspace/python/web_auto/locale with glob **/*.mo.
2019-04-25 18:28:17,613 [MainThread:140735885751232] [django.utils.autoreload:226] [autoreload:watch_dir] [DEBUG]- Watching dir /Users/liuzhanhui/workspace/python/web_auto/venv/lib/python3.6/site-packages/django/contrib/admin/locale with glob **/*.mo.
2019-04-25 18:28:17,613 [MainThread:140735885751232] [django.utils.autoreload:226] [autoreload:watch_dir] [DEBUG]- Watching dir /Users/liuzhanhui/workspace/python/web_auto/venv/lib/python3.6/site-packages/django/contrib/auth/locale with glob **/*.mo.
2019-04-25 18:28:17,613 [MainThread:140735885751232] [django.utils.autoreload:226] [autoreload:watch_dir] [DEBUG]- Watching dir /Users/liuzhanhui/workspace/python/web_auto/venv/lib/python3.6/site-packages/django/contrib/contenttypes/locale with glob **/*.mo.
2019-04-25 18:28:17,614 [MainThread:140735885751232] [django.utils.autoreload:226] [autoreload:watch_dir] [DEBUG]- Watching dir /Users/liuzhanhui/workspace/python/web_auto/venv/lib/python3.6/site-packages/django/contrib/sessions/locale with glob **/*.mo.
2019-04-25 18:28:17,614 [MainThread:140735885751232] [django.utils.autoreload:226] [autoreload:watch_dir] [DEBUG]- Watching dir /Users/liuzhanhui/workspace/python/web_auto/venv/lib/python3.6/site-packages/django/contrib/messages/locale with glob **/*.mo.
2019-04-25 18:28:17,614 [MainThread:140735885751232] [django.utils.autoreload:226] [autoreload:watch_dir] [DEBUG]- Watching dir /Users/liuzhanhui/workspace/python/web_auto/venv/lib/python3.6/site-packages/django/contrib/staticfiles/locale with glob **/*.mo.
2019-04-25 18:28:17,615 [MainThread:140735885751232] [django.utils.autoreload:226] [autoreload:watch_dir] [DEBUG]- Watching dir /Users/liuzhanhui/workspace/python/web_auto/venv/lib/python3.6/site-packages/corsheaders/locale with glob **/*.mo.
2019-04-25 18:28:17,615 [MainThread:140735885751232] [django.utils.autoreload:226] [autoreload:watch_dir] [DEBUG]- Watching dir /Users/liuzhanhui/workspace/python/web_auto/venv/lib/python3.6/site-packages/rest_framework/locale with glob **/*.mo.
2019-04-25 18:28:17,615 [MainThread:140735885751232] [django.utils.autoreload:226] [autoreload:watch_dir] [DEBUG]- Watching dir /Users/liuzhanhui/workspace/python/web_auto/apps/teacherspace/locale with glob **/*.mo.
2019-04-25 18:28:17,616 [MainThread:140735885751232] [django.utils.autoreload:226] [autoreload:watch_dir] [DEBUG]- Watching dir /Users/liuzhanhui/workspace/python/web_auto/apps/teacherpad/locale with glob **/*.mo.
2019-04-25 18:28:17,616 [MainThread:140735885751232] [django.utils.autoreload:226] [autoreload:watch_dir] [DEBUG]- Watching dir /Users/liuzhanhui/workspace/python/web_auto/apps/users/locale with glob **/*.mo.
2019-04-25 18:28:17,748 [Thread-1:123145392300032] [django.db.backends:110] [utils:execute] [DEBUG]- (0.001) SELECT @@SQL_AUTO_IS_NULL; args=None
2019-04-25 18:28:17,749 [Thread-1:123145392300032] [django.db.backends:110] [utils:execute] [DEBUG]- (0.001) SET SESSION TRANSACTION ISOLATION LEVEL READ COMMITTED; args=None
2019-04-25 18:28:17,754 [Thread-1:123145392300032] [django.db.backends:110] [utils:execute] [DEBUG]- (0.005) SHOW FULL TABLES; args=None
2019-04-25 18:28:17,762 [Thread-1:123145392300032] [django.db.backends:110] [utils:execute] [DEBUG]- (0.001) SELECT `django_migrations`.`app`, `django_migrations`.`name` FROM `django_migrations`; args=()
