2019-05-15 19:53:43,285 [MainThread:140736913028032] [django.utils.autoreload:578] [autoreload:run_with_reloader] [INFO]- Watching for file changes with StatReloader
2019-05-15 19:53:43,286 [MainThread:140736913028032] [django.utils.autoreload:267] [autoreload:run] [DEBUG]- Waiting for apps ready_event.
2019-05-15 19:53:43,582 [MainThread:140736913028032] [django.utils.autoreload:273] [autoreload:run] [DEBUG]- Apps ready_event triggered. Sending autoreload_started signal.
2019-05-15 19:53:43,588 [MainThread:140736913028032] [django.utils.autoreload:226] [autoreload:watch_dir] [DEBUG]- Watching dir /Users/liuzhanhui/workspace/python/web_auto/locale with glob **/*.mo.
2019-05-15 19:53:43,588 [MainThread:140736913028032] [django.utils.autoreload:226] [autoreload:watch_dir] [DEBUG]- Watching dir /Users/liuzhanhui/workspace/python/web_auto/venv/lib/python3.6/site-packages/django/contrib/admin/locale with glob **/*.mo.
2019-05-15 19:53:43,590 [MainThread:140736913028032] [django.utils.autoreload:226] [autoreload:watch_dir] [DEBUG]- Watching dir /Users/liuzhanhui/workspace/python/web_auto/venv/lib/python3.6/site-packages/django/contrib/auth/locale with glob **/*.mo.
2019-05-15 19:53:43,590 [MainThread:140736913028032] [django.utils.autoreload:226] [autoreload:watch_dir] [DEBUG]- Watching dir /Users/liuzhanhui/workspace/python/web_auto/venv/lib/python3.6/site-packages/django/contrib/contenttypes/locale with glob **/*.mo.
2019-05-15 19:53:43,591 [MainThread:140736913028032] [django.utils.autoreload:226] [autoreload:watch_dir] [DEBUG]- Watching dir /Users/liuzhanhui/workspace/python/web_auto/venv/lib/python3.6/site-packages/django/contrib/sessions/locale with glob **/*.mo.
2019-05-15 19:53:43,591 [MainThread:140736913028032] [django.utils.autoreload:226] [autoreload:watch_dir] [DEBUG]- Watching dir /Users/liuzhanhui/workspace/python/web_auto/venv/lib/python3.6/site-packages/django/contrib/messages/locale with glob **/*.mo.
2019-05-15 19:53:43,591 [MainThread:140736913028032] [django.utils.autoreload:226] [autoreload:watch_dir] [DEBUG]- Watching dir /Users/liuzhanhui/workspace/python/web_auto/venv/lib/python3.6/site-packages/django/contrib/staticfiles/locale with glob **/*.mo.
2019-05-15 19:53:43,591 [MainThread:140736913028032] [django.utils.autoreload:226] [autoreload:watch_dir] [DEBUG]- Watching dir /Users/liuzhanhui/workspace/python/web_auto/venv/lib/python3.6/site-packages/corsheaders/locale with glob **/*.mo.
2019-05-15 19:53:43,592 [MainThread:140736913028032] [django.utils.autoreload:226] [autoreload:watch_dir] [DEBUG]- Watching dir /Users/liuzhanhui/workspace/python/web_auto/venv/lib/python3.6/site-packages/rest_framework/locale with glob **/*.mo.
2019-05-15 19:53:43,592 [MainThread:140736913028032] [django.utils.autoreload:226] [autoreload:watch_dir] [DEBUG]- Watching dir /Users/liuzhanhui/workspace/python/web_auto/apps/business/locale with glob **/*.mo.
2019-05-15 19:53:43,592 [MainThread:140736913028032] [django.utils.autoreload:226] [autoreload:watch_dir] [DEBUG]- Watching dir /Users/liuzhanhui/workspace/python/web_auto/apps/users/locale with glob **/*.mo.
2019-05-15 19:53:43,752 [Thread-1:123145371209728] [django.db.backends:110] [utils:execute] [DEBUG]- (0.000) SELECT @@SQL_AUTO_IS_NULL; args=None
2019-05-15 19:53:43,753 [Thread-1:123145371209728] [django.db.backends:110] [utils:execute] [DEBUG]- (0.000) SET SESSION TRANSACTION ISOLATION LEVEL READ COMMITTED; args=None
2019-05-15 19:53:43,760 [Thread-1:123145371209728] [django.db.backends:110] [utils:execute] [DEBUG]- (0.007) SHOW FULL TABLES; args=None
2019-05-15 19:53:43,769 [Thread-1:123145371209728] [django.db.backends:110] [utils:execute] [DEBUG]- (0.004) SELECT `django_migrations`.`app`, `django_migrations`.`name` FROM `django_migrations`; args=()
2019-05-15 20:09:45,609 [MainThread:140736913028032] [django.utils.autoreload:341] [autoreload:loop_files] [DEBUG]- File /Users/liuzhanhui/workspace/python/web_auto/apps/business/views.py. is_changed: False, is_new: True
2019-05-15 20:09:45,615 [MainThread:140736913028032] [django.utils.autoreload:342] [autoreload:loop_files] [DEBUG]- File /Users/liuzhanhui/workspace/python/web_auto/apps/business/views.py previous mtime: None, current mtime: 1557922185.0
2019-05-15 20:09:45,616 [MainThread:140736913028032] [django.utils.autoreload:302] [autoreload:notify_file_changed] [DEBUG]- /Users/liuzhanhui/workspace/python/web_auto/apps/business/views.py notified as changed. Signal results: [(<function translation_file_changed at 0x10a321950>, None)].
2019-05-15 20:09:45,616 [MainThread:140736913028032] [django.utils.autoreload:203] [autoreload:trigger_reload] [INFO]- /Users/liuzhanhui/workspace/python/web_auto/apps/business/views.py changed, reloading.
2019-05-15 20:09:47,360 [MainThread:140736913028032] [django.utils.autoreload:578] [autoreload:run_with_reloader] [INFO]- Watching for file changes with StatReloader
2019-05-15 20:09:47,361 [MainThread:140736913028032] [django.utils.autoreload:267] [autoreload:run] [DEBUG]- Waiting for apps ready_event.
2019-05-15 20:09:47,632 [MainThread:140736913028032] [django.utils.autoreload:273] [autoreload:run] [DEBUG]- Apps ready_event triggered. Sending autoreload_started signal.
2019-05-15 20:09:47,638 [MainThread:140736913028032] [django.utils.autoreload:226] [autoreload:watch_dir] [DEBUG]- Watching dir /Users/liuzhanhui/workspace/python/web_auto/locale with glob **/*.mo.
2019-05-15 20:09:47,639 [MainThread:140736913028032] [django.utils.autoreload:226] [autoreload:watch_dir] [DEBUG]- Watching dir /Users/liuzhanhui/workspace/python/web_auto/venv/lib/python3.6/site-packages/django/contrib/admin/locale with glob **/*.mo.
2019-05-15 20:09:47,640 [MainThread:140736913028032] [django.utils.autoreload:226] [autoreload:watch_dir] [DEBUG]- Watching dir /Users/liuzhanhui/workspace/python/web_auto/venv/lib/python3.6/site-packages/django/contrib/auth/locale with glob **/*.mo.
2019-05-15 20:09:47,640 [MainThread:140736913028032] [django.utils.autoreload:226] [autoreload:watch_dir] [DEBUG]- Watching dir /Users/liuzhanhui/workspace/python/web_auto/venv/lib/python3.6/site-packages/django/contrib/contenttypes/locale with glob **/*.mo.
2019-05-15 20:09:47,640 [MainThread:140736913028032] [django.utils.autoreload:226] [autoreload:watch_dir] [DEBUG]- Watching dir /Users/liuzhanhui/workspace/python/web_auto/venv/lib/python3.6/site-packages/django/contrib/sessions/locale with glob **/*.mo.
2019-05-15 20:09:47,640 [MainThread:140736913028032] [django.utils.autoreload:226] [autoreload:watch_dir] [DEBUG]- Watching dir /Users/liuzhanhui/workspace/python/web_auto/venv/lib/python3.6/site-packages/django/contrib/messages/locale with glob **/*.mo.
2019-05-15 20:09:47,641 [MainThread:140736913028032] [django.utils.autoreload:226] [autoreload:watch_dir] [DEBUG]- Watching dir /Users/liuzhanhui/workspace/python/web_auto/venv/lib/python3.6/site-packages/django/contrib/staticfiles/locale with glob **/*.mo.
2019-05-15 20:09:47,641 [MainThread:140736913028032] [django.utils.autoreload:226] [autoreload:watch_dir] [DEBUG]- Watching dir /Users/liuzhanhui/workspace/python/web_auto/venv/lib/python3.6/site-packages/corsheaders/locale with glob **/*.mo.
2019-05-15 20:09:47,641 [MainThread:140736913028032] [django.utils.autoreload:226] [autoreload:watch_dir] [DEBUG]- Watching dir /Users/liuzhanhui/workspace/python/web_auto/venv/lib/python3.6/site-packages/rest_framework/locale with glob **/*.mo.
2019-05-15 20:09:47,642 [MainThread:140736913028032] [django.utils.autoreload:226] [autoreload:watch_dir] [DEBUG]- Watching dir /Users/liuzhanhui/workspace/python/web_auto/apps/business/locale with glob **/*.mo.
2019-05-15 20:09:47,642 [MainThread:140736913028032] [django.utils.autoreload:226] [autoreload:watch_dir] [DEBUG]- Watching dir /Users/liuzhanhui/workspace/python/web_auto/apps/users/locale with glob **/*.mo.
2019-05-15 20:09:47,904 [Thread-1:123145453948928] [django.db.backends:110] [utils:execute] [DEBUG]- (0.000) SELECT @@SQL_AUTO_IS_NULL; args=None
2019-05-15 20:09:47,905 [Thread-1:123145453948928] [django.db.backends:110] [utils:execute] [DEBUG]- (0.000) SET SESSION TRANSACTION ISOLATION LEVEL READ COMMITTED; args=None
2019-05-15 20:09:47,914 [Thread-1:123145453948928] [django.db.backends:110] [utils:execute] [DEBUG]- (0.008) SHOW FULL TABLES; args=None
2019-05-15 20:09:47,923 [Thread-1:123145453948928] [django.db.backends:110] [utils:execute] [DEBUG]- (0.005) SELECT `django_migrations`.`app`, `django_migrations`.`name` FROM `django_migrations`; args=()
2019-05-15 20:11:32,750 [Thread-2:123145459204096] [django.db.backends:110] [utils:execute] [DEBUG]- (0.000) SELECT @@SQL_AUTO_IS_NULL; args=None
2019-05-15 20:11:32,751 [Thread-2:123145459204096] [django.db.backends:110] [utils:execute] [DEBUG]- (0.000) SET SESSION TRANSACTION ISOLATION LEVEL READ COMMITTED; args=None
2019-05-15 20:11:32,760 [Thread-2:123145459204096] [django.db.backends:110] [utils:execute] [DEBUG]- (0.008) SELECT `entity_token`.`id`, `entity_token`.`token`, `entity_token`.`update_time`, `entity_token`.`user_id` FROM `entity_token` WHERE `entity_token`.`token` = '5f0fab9a9d1bf266a5b96534054b8c20' ORDER BY `entity_token`.`id` ASC  LIMIT 1; args=('5f0fab9a9d1bf266a5b96534054b8c20',)
2019-05-15 20:11:32,772 [Thread-2:123145459204096] [django.db.backends:110] [utils:execute] [DEBUG]- (0.003) SELECT `entity_user`.`id`, `entity_user`.`username`, `entity_user`.`password`, `entity_user`.`user_type`, `entity_user`.`email`, `entity_user`.`create_time` FROM `entity_user` WHERE `entity_user`.`id` = 1; args=(1,)
2019-05-15 20:11:32,773 [Thread-2:123145459204096] [django.db.backends:110] [utils:execute] [DEBUG]- (0.001) SELECT `entity_module`.`id`, `entity_module`.`module_name`, `entity_module`.`module_type`, `entity_module`.`module_env`, `entity_module`.`create_time`, `entity_module`.`update_time`, `entity_module`.`module_desc`, `entity_module`.`user_id` FROM `entity_module`; args=()
2019-05-15 20:11:32,776 [Thread-2:123145459204096] [django.db.backends:110] [utils:execute] [DEBUG]- (0.001) SELECT `entity_user`.`id`, `entity_user`.`username`, `entity_user`.`password`, `entity_user`.`user_type`, `entity_user`.`email`, `entity_user`.`create_time` FROM `entity_user` WHERE `entity_user`.`id` = 1; args=(1,)
2019-05-15 20:11:32,778 [Thread-2:123145459204096] [django.db.backends:110] [utils:execute] [DEBUG]- (0.000) SELECT `entity_user`.`id`, `entity_user`.`username`, `entity_user`.`password`, `entity_user`.`user_type`, `entity_user`.`email`, `entity_user`.`create_time` FROM `entity_user` WHERE `entity_user`.`id` = 1; args=(1,)
2019-05-15 20:11:32,781 [Thread-2:123145459204096] [django.db.backends:110] [utils:execute] [DEBUG]- (0.001) SELECT `entity_user`.`id`, `entity_user`.`username`, `entity_user`.`password`, `entity_user`.`user_type`, `entity_user`.`email`, `entity_user`.`create_time` FROM `entity_user` WHERE `entity_user`.`id` = 1; args=(1,)
2019-05-15 20:11:32,784 [Thread-2:123145459204096] [django.db.backends:110] [utils:execute] [DEBUG]- (0.001) SELECT `entity_user`.`id`, `entity_user`.`username`, `entity_user`.`password`, `entity_user`.`user_type`, `entity_user`.`email`, `entity_user`.`create_time` FROM `entity_user` WHERE `entity_user`.`id` = 1; args=(1,)
2019-05-15 20:11:32,786 [Thread-2:123145459204096] [django.db.backends:110] [utils:execute] [DEBUG]- (0.000) SELECT `entity_user`.`id`, `entity_user`.`username`, `entity_user`.`password`, `entity_user`.`user_type`, `entity_user`.`email`, `entity_user`.`create_time` FROM `entity_user` WHERE `entity_user`.`id` = 1; args=(1,)
2019-05-15 20:11:32,788 [Thread-2:123145459204096] [django.db.backends:110] [utils:execute] [DEBUG]- (0.000) SELECT `entity_user`.`id`, `entity_user`.`username`, `entity_user`.`password`, `entity_user`.`user_type`, `entity_user`.`email`, `entity_user`.`create_time` FROM `entity_user` WHERE `entity_user`.`id` = 1; args=(1,)
2019-05-15 20:11:32,789 [Thread-2:123145459204096] [django.server:154] [basehttp:log_message] [INFO]- "GET /api/module/list/ HTTP/1.1" 200 1787
2019-05-15 20:12:15,370 [Thread-3:123145459204096] [django.db.backends:110] [utils:execute] [DEBUG]- (0.000) SELECT @@SQL_AUTO_IS_NULL; args=None
2019-05-15 20:12:15,372 [Thread-3:123145459204096] [django.db.backends:110] [utils:execute] [DEBUG]- (0.001) SET SESSION TRANSACTION ISOLATION LEVEL READ COMMITTED; args=None
2019-05-15 20:12:15,375 [Thread-3:123145459204096] [django.db.backends:110] [utils:execute] [DEBUG]- (0.002) SELECT `entity_token`.`id`, `entity_token`.`token`, `entity_token`.`update_time`, `entity_token`.`user_id` FROM `entity_token` WHERE `entity_token`.`token` = '5f0fab9a9d1bf266a5b96534054b8c20' ORDER BY `entity_token`.`id` ASC  LIMIT 1; args=('5f0fab9a9d1bf266a5b96534054b8c20',)
2019-05-15 20:12:15,378 [Thread-3:123145459204096] [django.db.backends:110] [utils:execute] [DEBUG]- (0.001) SELECT `entity_user`.`id`, `entity_user`.`username`, `entity_user`.`password`, `entity_user`.`user_type`, `entity_user`.`email`, `entity_user`.`create_time` FROM `entity_user` WHERE `entity_user`.`id` = 1; args=(1,)
2019-05-15 20:12:15,382 [Thread-3:123145459204096] [django.db.backends:110] [utils:execute] [DEBUG]- (0.002) SELECT `entity_module`.`id`, `entity_module`.`module_name`, `entity_module`.`module_type`, `entity_module`.`module_env`, `entity_module`.`create_time`, `entity_module`.`update_time`, `entity_module`.`module_desc`, `entity_module`.`user_id` FROM `entity_module`; args=()
2019-05-15 20:12:15,384 [Thread-3:123145459204096] [django.db.backends:110] [utils:execute] [DEBUG]- (0.000) SELECT `entity_user`.`id`, `entity_user`.`username`, `entity_user`.`password`, `entity_user`.`user_type`, `entity_user`.`email`, `entity_user`.`create_time` FROM `entity_user` WHERE `entity_user`.`id` = 1; args=(1,)
2019-05-15 20:12:15,386 [Thread-3:123145459204096] [django.db.backends:110] [utils:execute] [DEBUG]- (0.001) SELECT `entity_user`.`id`, `entity_user`.`username`, `entity_user`.`password`, `entity_user`.`user_type`, `entity_user`.`email`, `entity_user`.`create_time` FROM `entity_user` WHERE `entity_user`.`id` = 1; args=(1,)
2019-05-15 20:12:15,388 [Thread-3:123145459204096] [django.db.backends:110] [utils:execute] [DEBUG]- (0.000) SELECT `entity_user`.`id`, `entity_user`.`username`, `entity_user`.`password`, `entity_user`.`user_type`, `entity_user`.`email`, `entity_user`.`create_time` FROM `entity_user` WHERE `entity_user`.`id` = 1; args=(1,)
2019-05-15 20:12:15,389 [Thread-3:123145459204096] [django.db.backends:110] [utils:execute] [DEBUG]- (0.000) SELECT `entity_user`.`id`, `entity_user`.`username`, `entity_user`.`password`, `entity_user`.`user_type`, `entity_user`.`email`, `entity_user`.`create_time` FROM `entity_user` WHERE `entity_user`.`id` = 1; args=(1,)
2019-05-15 20:12:15,391 [Thread-3:123145459204096] [django.db.backends:110] [utils:execute] [DEBUG]- (0.000) SELECT `entity_user`.`id`, `entity_user`.`username`, `entity_user`.`password`, `entity_user`.`user_type`, `entity_user`.`email`, `entity_user`.`create_time` FROM `entity_user` WHERE `entity_user`.`id` = 1; args=(1,)
2019-05-15 20:12:15,393 [Thread-3:123145459204096] [django.db.backends:110] [utils:execute] [DEBUG]- (0.000) SELECT `entity_user`.`id`, `entity_user`.`username`, `entity_user`.`password`, `entity_user`.`user_type`, `entity_user`.`email`, `entity_user`.`create_time` FROM `entity_user` WHERE `entity_user`.`id` = 1; args=(1,)
2019-05-15 20:12:15,394 [Thread-3:123145459204096] [django.server:154] [basehttp:log_message] [INFO]- "GET /api/module/list/ HTTP/1.1" 200 1787
2019-05-15 20:12:38,423 [Thread-4:123145459204096] [django.db.backends:110] [utils:execute] [DEBUG]- (0.001) SELECT @@SQL_AUTO_IS_NULL; args=None
2019-05-15 20:12:38,425 [Thread-4:123145459204096] [django.db.backends:110] [utils:execute] [DEBUG]- (0.001) SET SESSION TRANSACTION ISOLATION LEVEL READ COMMITTED; args=None
2019-05-15 20:12:38,428 [Thread-4:123145459204096] [django.db.backends:110] [utils:execute] [DEBUG]- (0.002) SELECT `entity_token`.`id`, `entity_token`.`token`, `entity_token`.`update_time`, `entity_token`.`user_id` FROM `entity_token` WHERE `entity_token`.`token` = '5f0fab9a9d1bf266a5b96534054b8c20' ORDER BY `entity_token`.`id` ASC  LIMIT 1; args=('5f0fab9a9d1bf266a5b96534054b8c20',)
2019-05-15 20:12:38,433 [Thread-4:123145459204096] [django.db.backends:110] [utils:execute] [DEBUG]- (0.001) SELECT `entity_user`.`id`, `entity_user`.`username`, `entity_user`.`password`, `entity_user`.`user_type`, `entity_user`.`email`, `entity_user`.`create_time` FROM `entity_user` WHERE `entity_user`.`id` = 1; args=(1,)
2019-05-15 20:12:38,437 [Thread-4:123145459204096] [django.db.backends:110] [utils:execute] [DEBUG]- (0.002) SELECT `entity_module`.`id`, `entity_module`.`module_name`, `entity_module`.`module_type`, `entity_module`.`module_env`, `entity_module`.`create_time`, `entity_module`.`update_time`, `entity_module`.`module_desc`, `entity_module`.`user_id` FROM `entity_module` WHERE `entity_module`.`id` = 4 ORDER BY `entity_module`.`id` ASC  LIMIT 1; args=(4,)
2019-05-15 20:12:38,441 [Thread-4:123145459204096] [django.db.backends:110] [utils:execute] [DEBUG]- (0.001) SELECT `entity_pressure_test`.`id`, `entity_pressure_test`.`pre_time`, `entity_pressure_test`.`pre_num`, `entity_pressure_test`.`pre_type`, `entity_pressure_test`.`pre_interface_request_type`, `entity_pressure_test`.`pre_interface_timeout_time`, `entity_pressure_test`.`pre_interface_name`, `entity_pressure_test`.`pre_interface`, `entity_pressure_test`.`pre_interface_method`, `entity_pressure_test`.`url`, `entity_pressure_test`.`cookies`, `entity_pressure_test`.`header`, `entity_pressure_test`.`pre_interface_param_type`, `entity_pressure_test`.`pre_interface_param_key`, `entity_pressure_test`.`pre_interface_param_value`, `entity_pressure_test`.`create_time`, `entity_pressure_test`.`update_time`, `entity_pressure_test`.`module_id` FROM `entity_pressure_test` WHERE `entity_pressure_test`.`module_id` = 4; args=(4,)
2019-05-15 20:12:38,442 [Thread-4:123145459204096] [django.server:154] [basehttp:log_message] [INFO]- "GET /api/testScripts/mo/4 HTTP/1.1" 200 1697
2019-05-15 20:12:38,488 [Thread-5:123145459204096] [django.db.backends:110] [utils:execute] [DEBUG]- (0.000) SELECT @@SQL_AUTO_IS_NULL; args=None
2019-05-15 20:12:38,489 [Thread-5:123145459204096] [django.db.backends:110] [utils:execute] [DEBUG]- (0.000) SET SESSION TRANSACTION ISOLATION LEVEL READ COMMITTED; args=None
2019-05-15 20:12:38,492 [Thread-5:123145459204096] [django.db.backends:110] [utils:execute] [DEBUG]- (0.003) SELECT `entity_token`.`id`, `entity_token`.`token`, `entity_token`.`update_time`, `entity_token`.`user_id` FROM `entity_token` WHERE `entity_token`.`token` = '5f0fab9a9d1bf266a5b96534054b8c20' ORDER BY `entity_token`.`id` ASC  LIMIT 1; args=('5f0fab9a9d1bf266a5b96534054b8c20',)
2019-05-15 20:12:38,497 [Thread-5:123145459204096] [django.db.backends:110] [utils:execute] [DEBUG]- (0.003) SELECT `entity_user`.`id`, `entity_user`.`username`, `entity_user`.`password`, `entity_user`.`user_type`, `entity_user`.`email`, `entity_user`.`create_time` FROM `entity_user` WHERE `entity_user`.`id` = 1; args=(1,)
2019-05-15 20:12:38,501 [Thread-5:123145459204096] [django.db.backends:110] [utils:execute] [DEBUG]- (0.002) SELECT `entity_module`.`id`, `entity_module`.`module_name`, `entity_module`.`module_type`, `entity_module`.`module_env`, `entity_module`.`create_time`, `entity_module`.`update_time`, `entity_module`.`module_desc`, `entity_module`.`user_id` FROM `entity_module` WHERE `entity_module`.`id` = 4 ORDER BY `entity_module`.`id` ASC  LIMIT 1; args=(4,)
2019-05-15 20:12:38,503 [Thread-5:123145459204096] [django.db.backends:110] [utils:execute] [DEBUG]- (0.001) SELECT `entity_pressure_test`.`id`, `entity_pressure_test`.`pre_time`, `entity_pressure_test`.`pre_num`, `entity_pressure_test`.`pre_type`, `entity_pressure_test`.`pre_interface_request_type`, `entity_pressure_test`.`pre_interface_timeout_time`, `entity_pressure_test`.`pre_interface_name`, `entity_pressure_test`.`pre_interface`, `entity_pressure_test`.`pre_interface_method`, `entity_pressure_test`.`url`, `entity_pressure_test`.`cookies`, `entity_pressure_test`.`header`, `entity_pressure_test`.`pre_interface_param_type`, `entity_pressure_test`.`pre_interface_param_key`, `entity_pressure_test`.`pre_interface_param_value`, `entity_pressure_test`.`create_time`, `entity_pressure_test`.`update_time`, `entity_pressure_test`.`module_id` FROM `entity_pressure_test` WHERE `entity_pressure_test`.`module_id` = 4; args=(4,)
2019-05-15 20:12:38,506 [Thread-5:123145459204096] [django.server:154] [basehttp:log_message] [INFO]- "GET /api/testScripts/mo/4 HTTP/1.1" 200 1697
2019-05-15 20:12:40,683 [Thread-6:123145459204096] [django.db.backends:110] [utils:execute] [DEBUG]- (0.000) SELECT @@SQL_AUTO_IS_NULL; args=None
2019-05-15 20:12:40,684 [Thread-6:123145459204096] [django.db.backends:110] [utils:execute] [DEBUG]- (0.000) SET SESSION TRANSACTION ISOLATION LEVEL READ COMMITTED; args=None
2019-05-15 20:12:40,686 [Thread-6:123145459204096] [django.db.backends:110] [utils:execute] [DEBUG]- (0.002) SELECT `entity_token`.`id`, `entity_token`.`token`, `entity_token`.`update_time`, `entity_token`.`user_id` FROM `entity_token` WHERE `entity_token`.`token` = '5f0fab9a9d1bf266a5b96534054b8c20' ORDER BY `entity_token`.`id` ASC  LIMIT 1; args=('5f0fab9a9d1bf266a5b96534054b8c20',)
2019-05-15 20:12:40,688 [Thread-6:123145459204096] [django.db.backends:110] [utils:execute] [DEBUG]- (0.000) SELECT `entity_user`.`id`, `entity_user`.`username`, `entity_user`.`password`, `entity_user`.`user_type`, `entity_user`.`email`, `entity_user`.`create_time` FROM `entity_user` WHERE `entity_user`.`id` = 1; args=(1,)
2019-05-15 20:12:40,692 [Thread-6:123145459204096] [django.db.backends:110] [utils:execute] [DEBUG]- (0.002) SELECT `entity_module`.`id`, `entity_module`.`module_name`, `entity_module`.`module_type`, `entity_module`.`module_env`, `entity_module`.`create_time`, `entity_module`.`update_time`, `entity_module`.`module_desc`, `entity_module`.`user_id` FROM `entity_module`; args=()
2019-05-15 20:12:40,694 [Thread-6:123145459204096] [django.db.backends:110] [utils:execute] [DEBUG]- (0.000) SELECT `entity_user`.`id`, `entity_user`.`username`, `entity_user`.`password`, `entity_user`.`user_type`, `entity_user`.`email`, `entity_user`.`create_time` FROM `entity_user` WHERE `entity_user`.`id` = 1; args=(1,)
2019-05-15 20:12:40,697 [Thread-6:123145459204096] [django.db.backends:110] [utils:execute] [DEBUG]- (0.000) SELECT `entity_user`.`id`, `entity_user`.`username`, `entity_user`.`password`, `entity_user`.`user_type`, `entity_user`.`email`, `entity_user`.`create_time` FROM `entity_user` WHERE `entity_user`.`id` = 1; args=(1,)
2019-05-15 20:12:40,700 [Thread-6:123145459204096] [django.db.backends:110] [utils:execute] [DEBUG]- (0.001) SELECT `entity_user`.`id`, `entity_user`.`username`, `entity_user`.`password`, `entity_user`.`user_type`, `entity_user`.`email`, `entity_user`.`create_time` FROM `entity_user` WHERE `entity_user`.`id` = 1; args=(1,)
2019-05-15 20:12:40,702 [Thread-6:123145459204096] [django.db.backends:110] [utils:execute] [DEBUG]- (0.000) SELECT `entity_user`.`id`, `entity_user`.`username`, `entity_user`.`password`, `entity_user`.`user_type`, `entity_user`.`email`, `entity_user`.`create_time` FROM `entity_user` WHERE `entity_user`.`id` = 1; args=(1,)
2019-05-15 20:12:40,704 [Thread-6:123145459204096] [django.db.backends:110] [utils:execute] [DEBUG]- (0.000) SELECT `entity_user`.`id`, `entity_user`.`username`, `entity_user`.`password`, `entity_user`.`user_type`, `entity_user`.`email`, `entity_user`.`create_time` FROM `entity_user` WHERE `entity_user`.`id` = 1; args=(1,)
2019-05-15 20:12:40,706 [Thread-6:123145459204096] [django.db.backends:110] [utils:execute] [DEBUG]- (0.000) SELECT `entity_user`.`id`, `entity_user`.`username`, `entity_user`.`password`, `entity_user`.`user_type`, `entity_user`.`email`, `entity_user`.`create_time` FROM `entity_user` WHERE `entity_user`.`id` = 1; args=(1,)
2019-05-15 20:12:40,707 [Thread-6:123145459204096] [django.server:154] [basehttp:log_message] [INFO]- "GET /api/module/list/ HTTP/1.1" 200 1787
2019-05-15 23:55:19,249 [Thread-7:123145459204096] [django.db.backends:110] [utils:execute] [DEBUG]- (0.000) SELECT @@SQL_AUTO_IS_NULL; args=None
2019-05-15 23:55:19,251 [Thread-7:123145459204096] [django.db.backends:110] [utils:execute] [DEBUG]- (0.000) SET SESSION TRANSACTION ISOLATION LEVEL READ COMMITTED; args=None
2019-05-15 23:55:19,257 [Thread-7:123145459204096] [django.db.backends:110] [utils:execute] [DEBUG]- (0.005) SELECT `entity_token`.`id`, `entity_token`.`token`, `entity_token`.`update_time`, `entity_token`.`user_id` FROM `entity_token` WHERE `entity_token`.`token` = '5f0fab9a9d1bf266a5b96534054b8c20' ORDER BY `entity_token`.`id` ASC  LIMIT 1; args=('5f0fab9a9d1bf266a5b96534054b8c20',)
2019-05-15 23:55:19,273 [Thread-7:123145459204096] [django.server:154] [basehttp:log_message] [WARNING]- "GET /api/testScripts/mo/5 HTTP/1.1" 403 24
2019-05-15 23:55:21,578 [Thread-8:123145459204096] [django.server:154] [basehttp:log_message] [WARNING]- "GET /api/testScripts/mo/4 HTTP/1.1" 403 30
2019-05-15 23:55:22,877 [Thread-9:123145459204096] [django.server:154] [basehttp:log_message] [WARNING]- "GET /api/testScripts/mo/4 HTTP/1.1" 403 30
2019-05-15 23:55:23,101 [Thread-10:123145459204096] [django.server:154] [basehttp:log_message] [WARNING]- "GET /api/testScripts/mo/4 HTTP/1.1" 403 30
2019-05-15 23:55:27,893 [Thread-11:123145459204096] [django.db.backends:110] [utils:execute] [DEBUG]- (0.000) SELECT @@SQL_AUTO_IS_NULL; args=None
2019-05-15 23:55:27,894 [Thread-11:123145459204096] [django.db.backends:110] [utils:execute] [DEBUG]- (0.000) SET SESSION TRANSACTION ISOLATION LEVEL READ COMMITTED; args=None
2019-05-15 23:55:27,897 [Thread-11:123145459204096] [django.db.backends:110] [utils:execute] [DEBUG]- (0.002) SELECT `entity_user`.`id`, `entity_user`.`username`, `entity_user`.`password`, `entity_user`.`user_type`, `entity_user`.`email`, `entity_user`.`create_time` FROM `entity_user` WHERE (`entity_user`.`email` = 'zhangyadan@okay.cn' AND `entity_user`.`password` = '123456') ORDER BY `entity_user`.`id` ASC  LIMIT 1; args=('zhangyadan@okay.cn', '123456')
2019-05-15 23:55:27,900 [Thread-11:123145459204096] [django.db.backends:110] [utils:execute] [DEBUG]- (0.001) SELECT `entity_token`.`id`, `entity_token`.`token`, `entity_token`.`update_time`, `entity_token`.`user_id` FROM `entity_token` WHERE `entity_token`.`user_id` = 1 FOR UPDATE; args=(1,)
2019-05-15 23:55:27,904 [Thread-11:123145459204096] [django.db.backends:110] [utils:execute] [DEBUG]- (0.003) UPDATE `entity_token` SET `token` = '7f8b4e2810e5168ab470ff83892182bf', `update_time` = '2019-05-15 23:55:27.901224', `user_id` = 1 WHERE `entity_token`.`id` = 1; args=('7f8b4e2810e5168ab470ff83892182bf', '2019-05-15 23:55:27.901224', 1, 1)
2019-05-15 23:55:27,908 [Thread-11:123145459204096] [django.server:154] [basehttp:log_message] [INFO]- "POST /api/login/ HTTP/1.1" 200 101
2019-05-15 23:55:27,953 [Thread-12:123145459204096] [django.db.backends:110] [utils:execute] [DEBUG]- (0.000) SELECT @@SQL_AUTO_IS_NULL; args=None
2019-05-15 23:55:27,955 [Thread-12:123145459204096] [django.db.backends:110] [utils:execute] [DEBUG]- (0.002) SET SESSION TRANSACTION ISOLATION LEVEL READ COMMITTED; args=None
2019-05-15 23:55:27,958 [Thread-12:123145459204096] [django.db.backends:110] [utils:execute] [DEBUG]- (0.002) SELECT `entity_token`.`id`, `entity_token`.`token`, `entity_token`.`update_time`, `entity_token`.`user_id` FROM `entity_token` WHERE `entity_token`.`token` = '7f8b4e2810e5168ab470ff83892182bf' ORDER BY `entity_token`.`id` ASC  LIMIT 1; args=('7f8b4e2810e5168ab470ff83892182bf',)
2019-05-15 23:55:27,963 [Thread-12:123145459204096] [django.db.backends:110] [utils:execute] [DEBUG]- (0.001) SELECT `entity_user`.`id`, `entity_user`.`username`, `entity_user`.`password`, `entity_user`.`user_type`, `entity_user`.`email`, `entity_user`.`create_time` FROM `entity_user` WHERE `entity_user`.`id` = 1; args=(1,)
2019-05-15 23:55:27,967 [Thread-12:123145459204096] [django.db.backends:110] [utils:execute] [DEBUG]- (0.003) SELECT `entity_module`.`id`, `entity_module`.`module_name`, `entity_module`.`module_type`, `entity_module`.`module_env`, `entity_module`.`create_time`, `entity_module`.`update_time`, `entity_module`.`module_desc`, `entity_module`.`user_id` FROM `entity_module`; args=()
2019-05-15 23:55:27,969 [Thread-12:123145459204096] [django.db.backends:110] [utils:execute] [DEBUG]- (0.000) SELECT `entity_user`.`id`, `entity_user`.`username`, `entity_user`.`password`, `entity_user`.`user_type`, `entity_user`.`email`, `entity_user`.`create_time` FROM `entity_user` WHERE `entity_user`.`id` = 1; args=(1,)
2019-05-15 23:55:27,971 [Thread-12:123145459204096] [django.db.backends:110] [utils:execute] [DEBUG]- (0.000) SELECT `entity_user`.`id`, `entity_user`.`username`, `entity_user`.`password`, `entity_user`.`user_type`, `entity_user`.`email`, `entity_user`.`create_time` FROM `entity_user` WHERE `entity_user`.`id` = 1; args=(1,)
2019-05-15 23:55:27,974 [Thread-12:123145459204096] [django.db.backends:110] [utils:execute] [DEBUG]- (0.001) SELECT `entity_user`.`id`, `entity_user`.`username`, `entity_user`.`password`, `entity_user`.`user_type`, `entity_user`.`email`, `entity_user`.`create_time` FROM `entity_user` WHERE `entity_user`.`id` = 1; args=(1,)
2019-05-15 23:55:27,976 [Thread-12:123145459204096] [django.db.backends:110] [utils:execute] [DEBUG]- (0.001) SELECT `entity_user`.`id`, `entity_user`.`username`, `entity_user`.`password`, `entity_user`.`user_type`, `entity_user`.`email`, `entity_user`.`create_time` FROM `entity_user` WHERE `entity_user`.`id` = 1; args=(1,)
2019-05-15 23:55:27,979 [Thread-12:123145459204096] [django.db.backends:110] [utils:execute] [DEBUG]- (0.000) SELECT `entity_user`.`id`, `entity_user`.`username`, `entity_user`.`password`, `entity_user`.`user_type`, `entity_user`.`email`, `entity_user`.`create_time` FROM `entity_user` WHERE `entity_user`.`id` = 1; args=(1,)
2019-05-15 23:55:27,980 [Thread-12:123145459204096] [django.db.backends:110] [utils:execute] [DEBUG]- (0.000) SELECT `entity_user`.`id`, `entity_user`.`username`, `entity_user`.`password`, `entity_user`.`user_type`, `entity_user`.`email`, `entity_user`.`create_time` FROM `entity_user` WHERE `entity_user`.`id` = 1; args=(1,)
2019-05-15 23:55:27,983 [Thread-12:123145459204096] [django.server:154] [basehttp:log_message] [INFO]- "GET /api/module/list/ HTTP/1.1" 200 1787
2019-05-15 23:55:32,653 [Thread-13:123145459204096] [django.db.backends:110] [utils:execute] [DEBUG]- (0.000) SELECT @@SQL_AUTO_IS_NULL; args=None
2019-05-15 23:55:32,654 [Thread-13:123145459204096] [django.db.backends:110] [utils:execute] [DEBUG]- (0.001) SET SESSION TRANSACTION ISOLATION LEVEL READ COMMITTED; args=None
2019-05-15 23:55:32,656 [Thread-13:123145459204096] [django.db.backends:110] [utils:execute] [DEBUG]- (0.001) SELECT `entity_token`.`id`, `entity_token`.`token`, `entity_token`.`update_time`, `entity_token`.`user_id` FROM `entity_token` WHERE `entity_token`.`token` = '7f8b4e2810e5168ab470ff83892182bf' ORDER BY `entity_token`.`id` ASC  LIMIT 1; args=('7f8b4e2810e5168ab470ff83892182bf',)
2019-05-15 23:55:32,660 [Thread-13:123145459204096] [django.db.backends:110] [utils:execute] [DEBUG]- (0.002) SELECT `entity_user`.`id`, `entity_user`.`username`, `entity_user`.`password`, `entity_user`.`user_type`, `entity_user`.`email`, `entity_user`.`create_time` FROM `entity_user` WHERE `entity_user`.`id` = 1; args=(1,)
2019-05-15 23:55:32,664 [Thread-13:123145459204096] [django.db.backends:110] [utils:execute] [DEBUG]- (0.001) SELECT `entity_module`.`id`, `entity_module`.`module_name`, `entity_module`.`module_type`, `entity_module`.`module_env`, `entity_module`.`create_time`, `entity_module`.`update_time`, `entity_module`.`module_desc`, `entity_module`.`user_id` FROM `entity_module` WHERE `entity_module`.`id` = 4 ORDER BY `entity_module`.`id` ASC  LIMIT 1; args=(4,)
2019-05-15 23:55:32,667 [Thread-13:123145459204096] [django.db.backends:110] [utils:execute] [DEBUG]- (0.002) SELECT `entity_pressure_test`.`id`, `entity_pressure_test`.`pre_time`, `entity_pressure_test`.`pre_num`, `entity_pressure_test`.`pre_type`, `entity_pressure_test`.`pre_interface_request_type`, `entity_pressure_test`.`pre_interface_timeout_time`, `entity_pressure_test`.`pre_interface_name`, `entity_pressure_test`.`pre_interface`, `entity_pressure_test`.`pre_interface_method`, `entity_pressure_test`.`url`, `entity_pressure_test`.`cookies`, `entity_pressure_test`.`header`, `entity_pressure_test`.`pre_interface_param_type`, `entity_pressure_test`.`pre_interface_param_key`, `entity_pressure_test`.`pre_interface_param_value`, `entity_pressure_test`.`create_time`, `entity_pressure_test`.`update_time`, `entity_pressure_test`.`module_id` FROM `entity_pressure_test` WHERE `entity_pressure_test`.`module_id` = 4; args=(4,)
2019-05-15 23:55:32,670 [Thread-13:123145459204096] [django.server:154] [basehttp:log_message] [INFO]- "GET /api/testScripts/mo/4 HTTP/1.1" 200 1697
2019-05-15 23:55:32,733 [Thread-14:123145459204096] [django.db.backends:110] [utils:execute] [DEBUG]- (0.000) SELECT @@SQL_AUTO_IS_NULL; args=None
2019-05-15 23:55:32,735 [Thread-14:123145459204096] [django.db.backends:110] [utils:execute] [DEBUG]- (0.001) SET SESSION TRANSACTION ISOLATION LEVEL READ COMMITTED; args=None
2019-05-15 23:55:32,737 [Thread-14:123145459204096] [django.db.backends:110] [utils:execute] [DEBUG]- (0.001) SELECT `entity_token`.`id`, `entity_token`.`token`, `entity_token`.`update_time`, `entity_token`.`user_id` FROM `entity_token` WHERE `entity_token`.`token` = '7f8b4e2810e5168ab470ff83892182bf' ORDER BY `entity_token`.`id` ASC  LIMIT 1; args=('7f8b4e2810e5168ab470ff83892182bf',)
2019-05-15 23:55:32,740 [Thread-14:123145459204096] [django.db.backends:110] [utils:execute] [DEBUG]- (0.001) SELECT `entity_user`.`id`, `entity_user`.`username`, `entity_user`.`password`, `entity_user`.`user_type`, `entity_user`.`email`, `entity_user`.`create_time` FROM `entity_user` WHERE `entity_user`.`id` = 1; args=(1,)
2019-05-15 23:55:32,744 [Thread-14:123145459204096] [django.db.backends:110] [utils:execute] [DEBUG]- (0.001) SELECT `entity_module`.`id`, `entity_module`.`module_name`, `entity_module`.`module_type`, `entity_module`.`module_env`, `entity_module`.`create_time`, `entity_module`.`update_time`, `entity_module`.`module_desc`, `entity_module`.`user_id` FROM `entity_module` WHERE `entity_module`.`id` = 4 ORDER BY `entity_module`.`id` ASC  LIMIT 1; args=(4,)
2019-05-15 23:55:32,748 [Thread-14:123145459204096] [django.db.backends:110] [utils:execute] [DEBUG]- (0.002) SELECT `entity_pressure_test`.`id`, `entity_pressure_test`.`pre_time`, `entity_pressure_test`.`pre_num`, `entity_pressure_test`.`pre_type`, `entity_pressure_test`.`pre_interface_request_type`, `entity_pressure_test`.`pre_interface_timeout_time`, `entity_pressure_test`.`pre_interface_name`, `entity_pressure_test`.`pre_interface`, `entity_pressure_test`.`pre_interface_method`, `entity_pressure_test`.`url`, `entity_pressure_test`.`cookies`, `entity_pressure_test`.`header`, `entity_pressure_test`.`pre_interface_param_type`, `entity_pressure_test`.`pre_interface_param_key`, `entity_pressure_test`.`pre_interface_param_value`, `entity_pressure_test`.`create_time`, `entity_pressure_test`.`update_time`, `entity_pressure_test`.`module_id` FROM `entity_pressure_test` WHERE `entity_pressure_test`.`module_id` = 4; args=(4,)
2019-05-15 23:55:32,751 [Thread-14:123145459204096] [django.server:154] [basehttp:log_message] [INFO]- "GET /api/testScripts/mo/4 HTTP/1.1" 200 1697
2019-05-15 23:55:38,281 [Thread-15:123145459204096] [django.db.backends:110] [utils:execute] [DEBUG]- (0.000) SELECT @@SQL_AUTO_IS_NULL; args=None
2019-05-15 23:55:38,283 [Thread-15:123145459204096] [django.db.backends:110] [utils:execute] [DEBUG]- (0.001) SET SESSION TRANSACTION ISOLATION LEVEL READ COMMITTED; args=None
2019-05-15 23:55:38,284 [Thread-15:123145459204096] [django.db.backends:110] [utils:execute] [DEBUG]- (0.001) SELECT `entity_token`.`id`, `entity_token`.`token`, `entity_token`.`update_time`, `entity_token`.`user_id` FROM `entity_token` WHERE `entity_token`.`token` = '7f8b4e2810e5168ab470ff83892182bf' ORDER BY `entity_token`.`id` ASC  LIMIT 1; args=('7f8b4e2810e5168ab470ff83892182bf',)
2019-05-15 23:55:38,287 [Thread-15:123145459204096] [django.db.backends:110] [utils:execute] [DEBUG]- (0.001) SELECT `entity_user`.`id`, `entity_user`.`username`, `entity_user`.`password`, `entity_user`.`user_type`, `entity_user`.`email`, `entity_user`.`create_time` FROM `entity_user` WHERE `entity_user`.`id` = 1; args=(1,)
2019-05-15 23:55:38,291 [Thread-15:123145459204096] [django.db.backends:110] [utils:execute] [DEBUG]- (0.001) SELECT `entity_pressure_test`.`id`, `entity_pressure_test`.`pre_time`, `entity_pressure_test`.`pre_num`, `entity_pressure_test`.`pre_type`, `entity_pressure_test`.`pre_interface_request_type`, `entity_pressure_test`.`pre_interface_timeout_time`, `entity_pressure_test`.`pre_interface_name`, `entity_pressure_test`.`pre_interface`, `entity_pressure_test`.`pre_interface_method`, `entity_pressure_test`.`url`, `entity_pressure_test`.`cookies`, `entity_pressure_test`.`header`, `entity_pressure_test`.`pre_interface_param_type`, `entity_pressure_test`.`pre_interface_param_key`, `entity_pressure_test`.`pre_interface_param_value`, `entity_pressure_test`.`create_time`, `entity_pressure_test`.`update_time`, `entity_pressure_test`.`module_id` FROM `entity_pressure_test` WHERE `entity_pressure_test`.`id` = 2 ORDER BY `entity_pressure_test`.`id` ASC  LIMIT 1; args=(2,)
2019-05-15 23:55:38,296 [Thread-15:123145459204096] [django.db.backends:110] [utils:execute] [DEBUG]- (0.001) SELECT `entity_pressure_test`.`id`, `entity_pressure_test`.`pre_time`, `entity_pressure_test`.`pre_num`, `entity_pressure_test`.`pre_type`, `entity_pressure_test`.`pre_interface_request_type`, `entity_pressure_test`.`pre_interface_timeout_time`, `entity_pressure_test`.`pre_interface_name`, `entity_pressure_test`.`pre_interface`, `entity_pressure_test`.`pre_interface_method`, `entity_pressure_test`.`url`, `entity_pressure_test`.`cookies`, `entity_pressure_test`.`header`, `entity_pressure_test`.`pre_interface_param_type`, `entity_pressure_test`.`pre_interface_param_key`, `entity_pressure_test`.`pre_interface_param_value`, `entity_pressure_test`.`create_time`, `entity_pressure_test`.`update_time`, `entity_pressure_test`.`module_id` FROM `entity_pressure_test` WHERE `entity_pressure_test`.`id` = 2 ORDER BY `entity_pressure_test`.`id` ASC  LIMIT 1; args=(2,)
2019-05-15 23:55:38,301 [Thread-15:123145459204096] [django.db.backends:110] [utils:execute] [DEBUG]- (0.002) DELETE FROM `entity_pressure_test` WHERE `entity_pressure_test`.`id` IN (2); args=(2,)
2019-05-15 23:55:38,302 [Thread-15:123145459204096] [django.server:154] [basehttp:log_message] [INFO]- "DELETE /api/testScripts/2 HTTP/1.1" 200 38
2019-05-15 23:55:38,363 [Thread-16:123145459204096] [django.db.backends:110] [utils:execute] [DEBUG]- (0.000) SELECT @@SQL_AUTO_IS_NULL; args=None
2019-05-15 23:55:38,364 [Thread-16:123145459204096] [django.db.backends:110] [utils:execute] [DEBUG]- (0.000) SET SESSION TRANSACTION ISOLATION LEVEL READ COMMITTED; args=None
2019-05-15 23:55:38,365 [Thread-16:123145459204096] [django.db.backends:110] [utils:execute] [DEBUG]- (0.001) SELECT `entity_token`.`id`, `entity_token`.`token`, `entity_token`.`update_time`, `entity_token`.`user_id` FROM `entity_token` WHERE `entity_token`.`token` = '7f8b4e2810e5168ab470ff83892182bf' ORDER BY `entity_token`.`id` ASC  LIMIT 1; args=('7f8b4e2810e5168ab470ff83892182bf',)
2019-05-15 23:55:38,368 [Thread-16:123145459204096] [django.db.backends:110] [utils:execute] [DEBUG]- (0.001) SELECT `entity_user`.`id`, `entity_user`.`username`, `entity_user`.`password`, `entity_user`.`user_type`, `entity_user`.`email`, `entity_user`.`create_time` FROM `entity_user` WHERE `entity_user`.`id` = 1; args=(1,)
2019-05-15 23:55:38,372 [Thread-16:123145459204096] [django.db.backends:110] [utils:execute] [DEBUG]- (0.002) SELECT `entity_module`.`id`, `entity_module`.`module_name`, `entity_module`.`module_type`, `entity_module`.`module_env`, `entity_module`.`create_time`, `entity_module`.`update_time`, `entity_module`.`module_desc`, `entity_module`.`user_id` FROM `entity_module` WHERE `entity_module`.`id` = 4 ORDER BY `entity_module`.`id` ASC  LIMIT 1; args=(4,)
2019-05-15 23:55:38,376 [Thread-16:123145459204096] [django.db.backends:110] [utils:execute] [DEBUG]- (0.002) SELECT `entity_pressure_test`.`id`, `entity_pressure_test`.`pre_time`, `entity_pressure_test`.`pre_num`, `entity_pressure_test`.`pre_type`, `entity_pressure_test`.`pre_interface_request_type`, `entity_pressure_test`.`pre_interface_timeout_time`, `entity_pressure_test`.`pre_interface_name`, `entity_pressure_test`.`pre_interface`, `entity_pressure_test`.`pre_interface_method`, `entity_pressure_test`.`url`, `entity_pressure_test`.`cookies`, `entity_pressure_test`.`header`, `entity_pressure_test`.`pre_interface_param_type`, `entity_pressure_test`.`pre_interface_param_key`, `entity_pressure_test`.`pre_interface_param_value`, `entity_pressure_test`.`create_time`, `entity_pressure_test`.`update_time`, `entity_pressure_test`.`module_id` FROM `entity_pressure_test` WHERE `entity_pressure_test`.`module_id` = 4; args=(4,)
2019-05-15 23:55:38,378 [Thread-16:123145459204096] [django.server:154] [basehttp:log_message] [INFO]- "GET /api/testScripts/mo/4 HTTP/1.1" 200 916
2019-05-15 23:56:17,700 [Thread-17:123145459204096] [django.db.backends:110] [utils:execute] [DEBUG]- (0.000) SELECT @@SQL_AUTO_IS_NULL; args=None
2019-05-15 23:56:17,702 [Thread-17:123145459204096] [django.db.backends:110] [utils:execute] [DEBUG]- (0.000) SET SESSION TRANSACTION ISOLATION LEVEL READ COMMITTED; args=None
2019-05-15 23:56:17,703 [Thread-17:123145459204096] [django.db.backends:110] [utils:execute] [DEBUG]- (0.001) SELECT `entity_token`.`id`, `entity_token`.`token`, `entity_token`.`update_time`, `entity_token`.`user_id` FROM `entity_token` WHERE `entity_token`.`token` = '7f8b4e2810e5168ab470ff83892182bf' ORDER BY `entity_token`.`id` ASC  LIMIT 1; args=('7f8b4e2810e5168ab470ff83892182bf',)
2019-05-15 23:56:17,706 [Thread-17:123145459204096] [django.db.backends:110] [utils:execute] [DEBUG]- (0.001) SELECT `entity_user`.`id`, `entity_user`.`username`, `entity_user`.`password`, `entity_user`.`user_type`, `entity_user`.`email`, `entity_user`.`create_time` FROM `entity_user` WHERE `entity_user`.`id` = 1; args=(1,)
2019-05-15 23:56:17,711 [Thread-17:123145459204096] [django.db.backends:110] [utils:execute] [DEBUG]- (0.003) SELECT `entity_module`.`id`, `entity_module`.`module_name`, `entity_module`.`module_type`, `entity_module`.`module_env`, `entity_module`.`create_time`, `entity_module`.`update_time`, `entity_module`.`module_desc`, `entity_module`.`user_id` FROM `entity_module`; args=()
2019-05-15 23:56:17,713 [Thread-17:123145459204096] [django.db.backends:110] [utils:execute] [DEBUG]- (0.000) SELECT `entity_user`.`id`, `entity_user`.`username`, `entity_user`.`password`, `entity_user`.`user_type`, `entity_user`.`email`, `entity_user`.`create_time` FROM `entity_user` WHERE `entity_user`.`id` = 1; args=(1,)
2019-05-15 23:56:17,715 [Thread-17:123145459204096] [django.db.backends:110] [utils:execute] [DEBUG]- (0.000) SELECT `entity_user`.`id`, `entity_user`.`username`, `entity_user`.`password`, `entity_user`.`user_type`, `entity_user`.`email`, `entity_user`.`create_time` FROM `entity_user` WHERE `entity_user`.`id` = 1; args=(1,)
2019-05-15 23:56:17,716 [Thread-17:123145459204096] [django.db.backends:110] [utils:execute] [DEBUG]- (0.000) SELECT `entity_user`.`id`, `entity_user`.`username`, `entity_user`.`password`, `entity_user`.`user_type`, `entity_user`.`email`, `entity_user`.`create_time` FROM `entity_user` WHERE `entity_user`.`id` = 1; args=(1,)
2019-05-15 23:56:17,718 [Thread-17:123145459204096] [django.db.backends:110] [utils:execute] [DEBUG]- (0.000) SELECT `entity_user`.`id`, `entity_user`.`username`, `entity_user`.`password`, `entity_user`.`user_type`, `entity_user`.`email`, `entity_user`.`create_time` FROM `entity_user` WHERE `entity_user`.`id` = 1; args=(1,)
2019-05-15 23:56:17,720 [Thread-17:123145459204096] [django.db.backends:110] [utils:execute] [DEBUG]- (0.000) SELECT `entity_user`.`id`, `entity_user`.`username`, `entity_user`.`password`, `entity_user`.`user_type`, `entity_user`.`email`, `entity_user`.`create_time` FROM `entity_user` WHERE `entity_user`.`id` = 1; args=(1,)
2019-05-15 23:56:17,722 [Thread-17:123145459204096] [django.db.backends:110] [utils:execute] [DEBUG]- (0.000) SELECT `entity_user`.`id`, `entity_user`.`username`, `entity_user`.`password`, `entity_user`.`user_type`, `entity_user`.`email`, `entity_user`.`create_time` FROM `entity_user` WHERE `entity_user`.`id` = 1; args=(1,)
2019-05-15 23:56:17,723 [Thread-17:123145459204096] [django.server:154] [basehttp:log_message] [INFO]- "GET /api/module/list/ HTTP/1.1" 200 1787
2019-05-15 23:56:35,476 [Thread-18:123145459204096] [django.db.backends:110] [utils:execute] [DEBUG]- (0.000) SELECT @@SQL_AUTO_IS_NULL; args=None
2019-05-15 23:56:35,479 [Thread-18:123145459204096] [django.db.backends:110] [utils:execute] [DEBUG]- (0.001) SET SESSION TRANSACTION ISOLATION LEVEL READ COMMITTED; args=None
2019-05-15 23:56:35,481 [Thread-18:123145459204096] [django.db.backends:110] [utils:execute] [DEBUG]- (0.001) SELECT `entity_token`.`id`, `entity_token`.`token`, `entity_token`.`update_time`, `entity_token`.`user_id` FROM `entity_token` WHERE `entity_token`.`token` = '7f8b4e2810e5168ab470ff83892182bf' ORDER BY `entity_token`.`id` ASC  LIMIT 1; args=('7f8b4e2810e5168ab470ff83892182bf',)
2019-05-15 23:56:35,484 [Thread-18:123145459204096] [django.db.backends:110] [utils:execute] [DEBUG]- (0.000) SELECT `entity_user`.`id`, `entity_user`.`username`, `entity_user`.`password`, `entity_user`.`user_type`, `entity_user`.`email`, `entity_user`.`create_time` FROM `entity_user` WHERE `entity_user`.`id` = 1; args=(1,)
2019-05-15 23:56:35,485 [Thread-18:123145459204096] [django.db.backends:110] [utils:execute] [DEBUG]- (0.001) SELECT `entity_module`.`id`, `entity_module`.`module_name`, `entity_module`.`module_type`, `entity_module`.`module_env`, `entity_module`.`create_time`, `entity_module`.`update_time`, `entity_module`.`module_desc`, `entity_module`.`user_id` FROM `entity_module`; args=()
2019-05-15 23:56:35,487 [Thread-18:123145459204096] [django.db.backends:110] [utils:execute] [DEBUG]- (0.000) SELECT `entity_user`.`id`, `entity_user`.`username`, `entity_user`.`password`, `entity_user`.`user_type`, `entity_user`.`email`, `entity_user`.`create_time` FROM `entity_user` WHERE `entity_user`.`id` = 1; args=(1,)
2019-05-15 23:56:35,491 [Thread-18:123145459204096] [django.db.backends:110] [utils:execute] [DEBUG]- (0.001) SELECT `entity_user`.`id`, `entity_user`.`username`, `entity_user`.`password`, `entity_user`.`user_type`, `entity_user`.`email`, `entity_user`.`create_time` FROM `entity_user` WHERE `entity_user`.`id` = 1; args=(1,)
2019-05-15 23:56:35,494 [Thread-18:123145459204096] [django.db.backends:110] [utils:execute] [DEBUG]- (0.001) SELECT `entity_user`.`id`, `entity_user`.`username`, `entity_user`.`password`, `entity_user`.`user_type`, `entity_user`.`email`, `entity_user`.`create_time` FROM `entity_user` WHERE `entity_user`.`id` = 1; args=(1,)
2019-05-15 23:56:35,496 [Thread-18:123145459204096] [django.db.backends:110] [utils:execute] [DEBUG]- (0.000) SELECT `entity_user`.`id`, `entity_user`.`username`, `entity_user`.`password`, `entity_user`.`user_type`, `entity_user`.`email`, `entity_user`.`create_time` FROM `entity_user` WHERE `entity_user`.`id` = 1; args=(1,)
2019-05-15 23:56:35,498 [Thread-18:123145459204096] [django.db.backends:110] [utils:execute] [DEBUG]- (0.000) SELECT `entity_user`.`id`, `entity_user`.`username`, `entity_user`.`password`, `entity_user`.`user_type`, `entity_user`.`email`, `entity_user`.`create_time` FROM `entity_user` WHERE `entity_user`.`id` = 1; args=(1,)
2019-05-15 23:56:35,500 [Thread-18:123145459204096] [django.db.backends:110] [utils:execute] [DEBUG]- (0.000) SELECT `entity_user`.`id`, `entity_user`.`username`, `entity_user`.`password`, `entity_user`.`user_type`, `entity_user`.`email`, `entity_user`.`create_time` FROM `entity_user` WHERE `entity_user`.`id` = 1; args=(1,)
2019-05-15 23:56:35,502 [Thread-18:123145459204096] [django.server:154] [basehttp:log_message] [INFO]- "GET /api/module/list/ HTTP/1.1" 200 1787
