2019-05-05 17:32:27,624 [Thread-6:123145486573568] [django.request:228] [log:log_response] [WARNING]- Forbidden: /api/teacherPad/module/user/zhangyadan
2019-05-05 17:32:46,280 [Thread-7:123145486573568] [django.request:228] [log:log_response] [WARNING]- Forbidden: /api/teacherPad/module/user/zhangyadan
2019-05-05 17:35:08,713 [Thread-10:123145486573568] [django.request:228] [log:log_response] [WARNING]- Forbidden: /api/teacherPad/module/user/zhangyadan
2019-05-05 17:37:10,014 [Thread-13:123145486573568] [django.request:228] [log:log_response] [WARNING]- Forbidden: /api/teacherPad/module/user/zhangyadan
2019-05-05 17:37:14,415 [Thread-14:123145486573568] [django.request:228] [log:log_response] [WARNING]- Forbidden: /api/teacherPad/module/user/zhangyadan
2019-05-05 17:37:17,767 [Thread-15:123145486573568] [django.request:228] [log:log_response] [WARNING]- Forbidden: /api/teacherPad/module/user/zhangyadan
2019-05-05 17:38:26,998 [Thread-18:123145486573568] [django.request:228] [log:log_response] [WARNING]- Forbidden: /api/teacherPad/module/user/zhangyadan
2019-05-05 17:46:50,338 [Thread-21:123145486573568] [django.request:228] [log:log_response] [WARNING]- Forbidden: /api/teacherPad/module/user/zhangyadan
2019-05-05 17:48:03,036 [Thread-24:123145486573568] [django.request:228] [log:log_response] [WARNING]- Forbidden: /api/teacherPad/module/user/zhangyadan
2019-05-05 17:48:29,856 [Thread-28:123145486573568] [django.request:228] [log:log_response] [WARNING]- Forbidden: /api/teacherPad/module/user/zhangyadan
2019-05-05 17:48:43,141 [Thread-31:123145486573568] [django.request:228] [log:log_response] [WARNING]- Forbidden: /api/teacherPad/module/user/zhangyadan
2019-05-05 17:48:46,685 [Thread-32:123145486573568] [django.request:228] [log:log_response] [WARNING]- Forbidden: /api/teacherPad/module/user/zhangyadan
2019-05-05 17:50:47,750 [Thread-33:123145486573568] [django.request:228] [log:log_response] [WARNING]- Forbidden: /api/teacherPad/module/user/zhangyadan
2019-05-05 17:51:22,453 [Thread-37:123145486573568] [django.request:228] [log:log_response] [WARNING]- Forbidden: /api/teacherPad/module/user/zhangyadan
2019-05-05 17:52:53,257 [Thread-38:123145486573568] [django.request:228] [log:log_response] [WARNING]- Forbidden: /api/teacherPad/module/user/zhangyadan
2019-05-05 17:52:58,765 [Thread-39:123145486573568] [django.request:228] [log:log_response] [WARNING]- Forbidden: /api/teacherPad/module/user/zhangyadan
2019-05-05 17:53:00,512 [Thread-40:123145486573568] [django.request:228] [log:log_response] [WARNING]- Forbidden: /api/teacherPad/module/user/zhangyadan
2019-05-05 17:53:42,422 [Thread-41:123145486573568] [django.request:228] [log:log_response] [WARNING]- Forbidden: /api/teacherPad/module/user/zhangyadan
2019-05-05 17:53:45,758 [Thread-42:123145486573568] [django.request:228] [log:log_response] [WARNING]- Forbidden: /api/teacherPad/module/user/zhangyadan
2019-05-05 17:54:15,185 [Thread-43:123145486573568] [django.request:228] [log:log_response] [WARNING]- Forbidden: /api/teacherPad/module/user/zhangyadan
2019-05-05 17:54:28,602 [Thread-44:123145486573568] [django.request:228] [log:log_response] [WARNING]- Forbidden: /api/teacherPad/module/user/zhangyadan
2019-05-05 17:54:34,229 [Thread-45:123145486573568] [django.request:228] [log:log_response] [WARNING]- Forbidden: /api/teacherPad/module/user/zhangyadan
2019-05-05 17:54:38,704 [Thread-46:123145486573568] [django.request:228] [log:log_response] [WARNING]- Forbidden: /api/teacherPad/module/user/zhangyadan
2019-05-05 17:54:58,347 [Thread-47:123145486573568] [django.request:228] [log:log_response] [WARNING]- Forbidden: /api/teacherPad/module/user/zhangyadan
2019-05-05 17:54:59,247 [Thread-48:123145486573568] [django.request:228] [log:log_response] [WARNING]- Forbidden: /api/teacherPad/module/user/zhangyadan
2019-05-05 17:55:21,867 [Thread-49:123145486573568] [django.request:228] [log:log_response] [WARNING]- Forbidden: /api/teacherPad/module/user/zhangyadan
2019-05-05 18:01:18,550 [Thread-2:123145429774336] [django.request:228] [log:log_response] [WARNING]- Forbidden: /api/teacherPad/module/user/zhangyadan
2019-05-05 18:02:21,529 [Thread-6:123145429774336] [django.request:228] [log:log_response] [WARNING]- Forbidden: /api/teacherPad/module/user/zhangyadan
2019-05-05 18:03:11,049 [Thread-7:123145429774336] [django.request:228] [log:log_response] [WARNING]- Forbidden: /api/teacherPad/module/user/zhangyadan
2019-05-05 18:03:38,904 [Thread-8:123145429774336] [django.request:228] [log:log_response] [WARNING]- Forbidden: /api/teacherPad/module/user/zhangyadan
2019-05-05 18:03:47,753 [Thread-9:123145429774336] [django.request:228] [log:log_response] [WARNING]- Forbidden: /api/teacherPad/module/user/zhangyadan
2019-05-05 18:03:53,861 [Thread-10:123145429774336] [django.request:228] [log:log_response] [WARNING]- Forbidden: /api/teacherPad/module/user/zhangyadan
2019-05-05 18:07:59,420 [Thread-16:123145429774336] [django.request:228] [log:log_response] [WARNING]- Forbidden: /api/teacherPad/module/user/zhangyadan
2019-05-05 18:26:41,065 [Thread-44:123145429774336] [django.request:228] [log:log_response] [WARNING]- Forbidden: /api/teacherPad/module/user/zhangyadan
2019-05-05 18:27:11,852 [Thread-45:123145429774336] [django.request:228] [log:log_response] [WARNING]- Forbidden: /api/teacherPad/module/user/zhangyadan
2019-05-05 18:27:20,466 [Thread-46:123145429774336] [django.request:228] [log:log_response] [WARNING]- Forbidden: /api/teacherPad/module/user/zhangyadan
2019-05-05 18:27:28,228 [Thread-47:123145429774336] [django.request:228] [log:log_response] [WARNING]- Forbidden: /api/teacherPad/module/user/zhangyadan
2019-05-05 18:27:35,737 [Thread-48:123145429774336] [django.request:228] [log:log_response] [WARNING]- Forbidden: /api/teacherPad/module/user/zhangyadan
2019-05-05 18:32:52,938 [Thread-2:123145389023232] [django.request:228] [log:log_response] [WARNING]- Not Found: /
2019-05-05 18:32:53,146 [Thread-2:123145389023232] [django.request:228] [log:log_response] [WARNING]- Not Found: /favicon.ico
2019-05-06 09:34:58,308 [Thread-3:123145546334208] [django.request:228] [log:log_response] [WARNING]- Forbidden: /api/teacherPad/module/user/zhangyadan
2019-05-06 09:35:01,671 [Thread-4:123145546334208] [django.request:228] [log:log_response] [WARNING]- Forbidden: /api/teacherPad/module/user/zhangyadan
2019-05-06 09:35:08,177 [Thread-5:123145546334208] [django.request:228] [log:log_response] [WARNING]- Forbidden: /api/teacherPad/module/user/zhangyadan
2019-05-06 09:35:31,971 [Thread-6:123145546334208] [django.request:228] [log:log_response] [WARNING]- Forbidden: /api/teacherPad/module/user/zhangyadan
2019-05-06 09:43:26,254 [Thread-21:123145546334208] [django.request:228] [log:log_response] [WARNING]- Forbidden: /api/teacherPad/module/user/zhangyadan
2019-05-06 09:43:31,261 [Thread-22:123145546334208] [django.request:228] [log:log_response] [WARNING]- Forbidden: /api/teacherPad/module/user/zhangyadan
2019-05-06 09:45:35,291 [Thread-23:123145546334208] [django.request:228] [log:log_response] [WARNING]- Forbidden: /api/teacherPad/module/user/zhangyadan
2019-05-06 09:45:55,278 [Thread-24:123145546334208] [django.request:228] [log:log_response] [WARNING]- Forbidden: /api/teacherPad/module/user/zhangyadan
2019-05-06 09:46:18,985 [Thread-25:123145546334208] [django.request:228] [log:log_response] [WARNING]- Forbidden: /api/teacherPad/module/user/zhangyadan
2019-05-06 09:46:23,495 [Thread-26:123145546334208] [django.request:228] [log:log_response] [WARNING]- Forbidden: /api/teacherPad/module/user/zhangyadan
2019-05-06 09:46:43,440 [Thread-27:123145546334208] [django.request:228] [log:log_response] [WARNING]- Forbidden: /api/teacherPad/module/user/zhangyadan
2019-05-06 09:46:57,609 [Thread-28:123145546334208] [django.request:228] [log:log_response] [WARNING]- Forbidden: /api/teacherPad/module/user/zhangyadan
2019-05-06 09:46:58,781 [Thread-29:123145546334208] [django.request:228] [log:log_response] [WARNING]- Forbidden: /api/teacherPad/module/user/zhangyadan
2019-05-06 09:47:12,792 [Thread-30:123145546334208] [django.request:228] [log:log_response] [WARNING]- Forbidden: /api/teacherPad/module/user/zhangyadan
2019-05-06 09:47:14,787 [Thread-31:123145546334208] [django.request:228] [log:log_response] [WARNING]- Forbidden: /api/teacherPad/module/user/zhangyadan
2019-05-06 09:47:19,599 [Thread-32:123145546334208] [django.request:228] [log:log_response] [WARNING]- Forbidden: /api/teacherPad/module/user/zhangyadan
2019-05-06 09:47:24,517 [Thread-33:123145546334208] [django.request:228] [log:log_response] [WARNING]- Forbidden: /api/teacherPad/module/user/zhangyadan
2019-05-06 09:47:26,398 [Thread-34:123145546334208] [django.request:228] [log:log_response] [WARNING]- Forbidden: /api/teacherPad/module/user/zhangyadan
2019-05-06 09:52:25,298 [Thread-47:123145546334208] [django.request:228] [log:log_response] [WARNING]- Forbidden: /api/teacherPad/module/user/zhangyadan
2019-05-06 09:54:47,245 [Thread-48:123145546334208] [django.request:228] [log:log_response] [WARNING]- Forbidden: /api/teacherPad/module/user/zhangyadan
2019-05-06 09:55:14,364 [Thread-49:123145546334208] [django.request:228] [log:log_response] [WARNING]- Forbidden: /api/teacherPad/module/user/zhangyadan
2019-05-06 09:55:15,344 [Thread-50:123145546334208] [django.request:228] [log:log_response] [WARNING]- Forbidden: /api/teacherPad/module/user/zhangyadan
2019-05-06 10:04:20,462 [Thread-56:123145546334208] [django.request:228] [log:log_response] [WARNING]- Not Found: /api/user/auth/
2019-05-06 10:04:46,530 [Thread-56:123145546334208] [django.request:228] [log:log_response] [ERROR]- Internal Server Error: /api/login/
Traceback (most recent call last):
  File "/Users/liuzhanhui/workspace/python/web_auto/venv/lib/python3.6/site-packages/django/core/handlers/exception.py", line 34, in inner
    response = get_response(request)
  File "/Users/liuzhanhui/workspace/python/web_auto/venv/lib/python3.6/site-packages/django/core/handlers/base.py", line 115, in _get_response
    response = self.process_exception_by_middleware(e, request)
  File "/Users/liuzhanhui/workspace/python/web_auto/venv/lib/python3.6/site-packages/django/core/handlers/base.py", line 113, in _get_response
    response = wrapped_callback(request, *callback_args, **callback_kwargs)
  File "/Users/liuzhanhui/workspace/python/web_auto/venv/lib/python3.6/site-packages/django/views/decorators/csrf.py", line 54, in wrapped_view
    return view_func(*args, **kwargs)
  File "/Users/liuzhanhui/workspace/python/web_auto/venv/lib/python3.6/site-packages/django/views/generic/base.py", line 71, in view
    return self.dispatch(request, *args, **kwargs)
  File "/Users/liuzhanhui/workspace/python/web_auto/venv/lib/python3.6/site-packages/rest_framework/views.py", line 497, in dispatch
    self.response = self.finalize_response(request, response, *args, **kwargs)
  File "/Users/liuzhanhui/workspace/python/web_auto/venv/lib/python3.6/site-packages/rest_framework/views.py", line 412, in finalize_response
    % type(response)
AssertionError: Expected a `Response`, `HttpResponse` or `HttpStreamingResponse` to be returned from the view, but received a `<class 'dict'>`
