2019-05-06 10:07:01,995 [Thread-2:123145579069440] [django.request:228] [log:log_response] [ERROR]- Internal Server Error: /api/login/
Traceback (most recent call last):
  File "/Users/liuzhanhui/workspace/python/web_auto/venv/lib/python3.6/site-packages/django/core/handlers/exception.py", line 34, in inner
    response = get_response(request)
  File "/Users/liuzhanhui/workspace/python/web_auto/venv/lib/python3.6/site-packages/django/core/handlers/base.py", line 115, in _get_response
    response = self.process_exception_by_middleware(e, request)
  File "/Users/liuzhanhui/workspace/python/web_auto/venv/lib/python3.6/site-packages/django/core/handlers/base.py", line 113, in _get_response
    response = wrapped_callback(request, *callback_args, **callback_kwargs)
  File "/Users/liuzhanhui/workspace/python/web_auto/venv/lib/python3.6/site-packages/django/views/decorators/csrf.py", line 54, in wrapped_view
    return view_func(*args, **kwargs)
  File "/Users/liuzhanhui/workspace/python/web_auto/venv/lib/python3.6/site-packages/django/views/generic/base.py", line 71, in view
    return self.dispatch(request, *args, **kwargs)
  File "/Users/liuzhanhui/workspace/python/web_auto/venv/lib/python3.6/site-packages/rest_framework/views.py", line 497, in dispatch
    self.response = self.finalize_response(request, response, *args, **kwargs)
  File "/Users/liuzhanhui/workspace/python/web_auto/venv/lib/python3.6/site-packages/rest_framework/views.py", line 412, in finalize_response
    % type(response)
AssertionError: Expected a `Response`, `HttpResponse` or `HttpStreamingResponse` to be returned from the view, but received a `<class 'dict'>`
2019-05-06 10:07:38,968 [Thread-2:123145365721088] [django.request:228] [log:log_response] [ERROR]- Internal Server Error: /api/login/
Traceback (most recent call last):
  File "/Users/liuzhanhui/workspace/python/web_auto/venv/lib/python3.6/site-packages/django/core/handlers/exception.py", line 34, in inner
    response = get_response(request)
  File "/Users/liuzhanhui/workspace/python/web_auto/venv/lib/python3.6/site-packages/django/core/handlers/base.py", line 115, in _get_response
    response = self.process_exception_by_middleware(e, request)
  File "/Users/liuzhanhui/workspace/python/web_auto/venv/lib/python3.6/site-packages/django/core/handlers/base.py", line 113, in _get_response
    response = wrapped_callback(request, *callback_args, **callback_kwargs)
  File "/Users/liuzhanhui/workspace/python/web_auto/venv/lib/python3.6/site-packages/django/views/decorators/csrf.py", line 54, in wrapped_view
    return view_func(*args, **kwargs)
  File "/Users/liuzhanhui/workspace/python/web_auto/venv/lib/python3.6/site-packages/django/views/generic/base.py", line 71, in view
    return self.dispatch(request, *args, **kwargs)
  File "/Users/liuzhanhui/workspace/python/web_auto/venv/lib/python3.6/site-packages/rest_framework/views.py", line 497, in dispatch
    self.response = self.finalize_response(request, response, *args, **kwargs)
  File "/Users/liuzhanhui/workspace/python/web_auto/venv/lib/python3.6/site-packages/rest_framework/views.py", line 412, in finalize_response
    % type(response)
AssertionError: Expected a `Response`, `HttpResponse` or `HttpStreamingResponse` to be returned from the view, but received a `<class 'dict'>`
2019-05-06 10:08:11,944 [Thread-2:123145549320192] [django.request:228] [log:log_response] [ERROR]- Internal Server Error: /api/login/
Traceback (most recent call last):
  File "/Users/liuzhanhui/workspace/python/web_auto/venv/lib/python3.6/site-packages/django/core/handlers/exception.py", line 34, in inner
    response = get_response(request)
  File "/Users/liuzhanhui/workspace/python/web_auto/venv/lib/python3.6/site-packages/django/core/handlers/base.py", line 115, in _get_response
    response = self.process_exception_by_middleware(e, request)
  File "/Users/liuzhanhui/workspace/python/web_auto/venv/lib/python3.6/site-packages/django/core/handlers/base.py", line 113, in _get_response
    response = wrapped_callback(request, *callback_args, **callback_kwargs)
  File "/Users/liuzhanhui/workspace/python/web_auto/venv/lib/python3.6/site-packages/django/views/decorators/csrf.py", line 54, in wrapped_view
    return view_func(*args, **kwargs)
  File "/Users/liuzhanhui/workspace/python/web_auto/venv/lib/python3.6/site-packages/django/views/generic/base.py", line 71, in view
    return self.dispatch(request, *args, **kwargs)
  File "/Users/liuzhanhui/workspace/python/web_auto/venv/lib/python3.6/site-packages/rest_framework/views.py", line 497, in dispatch
    self.response = self.finalize_response(request, response, *args, **kwargs)
  File "/Users/liuzhanhui/workspace/python/web_auto/venv/lib/python3.6/site-packages/rest_framework/views.py", line 412, in finalize_response
    % type(response)
AssertionError: Expected a `Response`, `HttpResponse` or `HttpStreamingResponse` to be returned from the view, but received a `<class 'dict'>`
2019-05-06 10:13:06,092 [Thread-2:123145315569664] [django.request:228] [log:log_response] [WARNING]- Not Found: /api/teacherPad/module/user/
2019-05-06 10:13:23,115 [Thread-2:123145315569664] [django.request:228] [log:log_response] [WARNING]- Forbidden: /api/teacherPad/module/user/1
2019-05-06 10:13:40,783 [Thread-2:123145315569664] [django.request:228] [log:log_response] [WARNING]- Forbidden: /api/teacherPad/module/user/1
2019-05-06 10:41:37,932 [Thread-2:123145499287552] [django.request:228] [log:log_response] [ERROR]- Internal Server Error: /api/teacherPad/module/user/1
Traceback (most recent call last):
  File "/Users/liuzhanhui/workspace/python/web_auto/venv/lib/python3.6/site-packages/django/core/handlers/exception.py", line 34, in inner
    response = get_response(request)
  File "/Users/liuzhanhui/workspace/python/web_auto/venv/lib/python3.6/site-packages/django/core/handlers/base.py", line 115, in _get_response
    response = self.process_exception_by_middleware(e, request)
  File "/Users/liuzhanhui/workspace/python/web_auto/venv/lib/python3.6/site-packages/django/core/handlers/base.py", line 113, in _get_response
    response = wrapped_callback(request, *callback_args, **callback_kwargs)
  File "/Users/liuzhanhui/workspace/python/web_auto/venv/lib/python3.6/site-packages/django/views/decorators/csrf.py", line 54, in wrapped_view
    return view_func(*args, **kwargs)
  File "/Users/liuzhanhui/workspace/python/web_auto/venv/lib/python3.6/site-packages/django/views/generic/base.py", line 71, in view
    return self.dispatch(request, *args, **kwargs)
  File "/Users/liuzhanhui/workspace/python/web_auto/venv/lib/python3.6/site-packages/rest_framework/views.py", line 495, in dispatch
    response = self.handle_exception(exc)
  File "/Users/liuzhanhui/workspace/python/web_auto/venv/lib/python3.6/site-packages/rest_framework/views.py", line 455, in handle_exception
    self.raise_uncaught_exception(exc)
  File "/Users/liuzhanhui/workspace/python/web_auto/venv/lib/python3.6/site-packages/rest_framework/views.py", line 492, in dispatch
    response = handler(request, *args, **kwargs)
  File "/Users/liuzhanhui/workspace/python/web_auto/apps/teacherpad/views.py", line 29, in get
    pageNo = int(params.get('pageNo'))
TypeError: int() argument must be a string, a bytes-like object or a number, not 'NoneType'
2019-05-06 10:42:16,312 [Thread-2:123145523408896] [django.request:228] [log:log_response] [WARNING]- Forbidden: /api/teacherPad/module/user/1
2019-05-06 10:42:28,848 [Thread-2:123145523408896] [django.request:228] [log:log_response] [ERROR]- Internal Server Error: /api/teacherPad/module/user/1
Traceback (most recent call last):
  File "/Users/liuzhanhui/workspace/python/web_auto/venv/lib/python3.6/site-packages/django/core/handlers/exception.py", line 34, in inner
    response = get_response(request)
  File "/Users/liuzhanhui/workspace/python/web_auto/venv/lib/python3.6/site-packages/django/core/handlers/base.py", line 115, in _get_response
    response = self.process_exception_by_middleware(e, request)
  File "/Users/liuzhanhui/workspace/python/web_auto/venv/lib/python3.6/site-packages/django/core/handlers/base.py", line 113, in _get_response
    response = wrapped_callback(request, *callback_args, **callback_kwargs)
  File "/Users/liuzhanhui/workspace/python/web_auto/venv/lib/python3.6/site-packages/django/views/decorators/csrf.py", line 54, in wrapped_view
    return view_func(*args, **kwargs)
  File "/Users/liuzhanhui/workspace/python/web_auto/venv/lib/python3.6/site-packages/django/views/generic/base.py", line 71, in view
    return self.dispatch(request, *args, **kwargs)
  File "/Users/liuzhanhui/workspace/python/web_auto/venv/lib/python3.6/site-packages/rest_framework/views.py", line 495, in dispatch
    response = self.handle_exception(exc)
  File "/Users/liuzhanhui/workspace/python/web_auto/venv/lib/python3.6/site-packages/rest_framework/views.py", line 455, in handle_exception
    self.raise_uncaught_exception(exc)
  File "/Users/liuzhanhui/workspace/python/web_auto/venv/lib/python3.6/site-packages/rest_framework/views.py", line 492, in dispatch
    response = handler(request, *args, **kwargs)
  File "/Users/liuzhanhui/workspace/python/web_auto/apps/teacherpad/views.py", line 30, in get
    pageNo = int(params.get('pageNo'))
TypeError: int() argument must be a string, a bytes-like object or a number, not 'NoneType'
2019-05-06 10:42:54,697 [Thread-2:123145399988224] [django.request:228] [log:log_response] [ERROR]- Internal Server Error: /api/teacherPad/module/user/1
Traceback (most recent call last):
  File "/Users/liuzhanhui/workspace/python/web_auto/venv/lib/python3.6/site-packages/django/core/handlers/exception.py", line 34, in inner
    response = get_response(request)
  File "/Users/liuzhanhui/workspace/python/web_auto/venv/lib/python3.6/site-packages/django/core/handlers/base.py", line 115, in _get_response
    response = self.process_exception_by_middleware(e, request)
  File "/Users/liuzhanhui/workspace/python/web_auto/venv/lib/python3.6/site-packages/django/core/handlers/base.py", line 113, in _get_response
    response = wrapped_callback(request, *callback_args, **callback_kwargs)
  File "/Users/liuzhanhui/workspace/python/web_auto/venv/lib/python3.6/site-packages/django/views/decorators/csrf.py", line 54, in wrapped_view
    return view_func(*args, **kwargs)
  File "/Users/liuzhanhui/workspace/python/web_auto/venv/lib/python3.6/site-packages/django/views/generic/base.py", line 71, in view
    return self.dispatch(request, *args, **kwargs)
  File "/Users/liuzhanhui/workspace/python/web_auto/venv/lib/python3.6/site-packages/rest_framework/views.py", line 495, in dispatch
    response = self.handle_exception(exc)
  File "/Users/liuzhanhui/workspace/python/web_auto/venv/lib/python3.6/site-packages/rest_framework/views.py", line 455, in handle_exception
    self.raise_uncaught_exception(exc)
  File "/Users/liuzhanhui/workspace/python/web_auto/venv/lib/python3.6/site-packages/rest_framework/views.py", line 492, in dispatch
    response = handler(request, *args, **kwargs)
  File "/Users/liuzhanhui/workspace/python/web_auto/apps/teacherpad/views.py", line 31, in get
    pageNo = int(params.get('pageNo'))
TypeError: int() argument must be a string, a bytes-like object or a number, not 'NoneType'
2019-05-06 10:43:44,251 [Thread-2:123145400762368] [django.request:228] [log:log_response] [ERROR]- Internal Server Error: /api/teacherPad/module/user/1
Traceback (most recent call last):
  File "/Users/liuzhanhui/workspace/python/web_auto/venv/lib/python3.6/site-packages/django/core/handlers/exception.py", line 34, in inner
    response = get_response(request)
  File "/Users/liuzhanhui/workspace/python/web_auto/venv/lib/python3.6/site-packages/django/core/handlers/base.py", line 115, in _get_response
    response = self.process_exception_by_middleware(e, request)
  File "/Users/liuzhanhui/workspace/python/web_auto/venv/lib/python3.6/site-packages/django/core/handlers/base.py", line 113, in _get_response
    response = wrapped_callback(request, *callback_args, **callback_kwargs)
  File "/Users/liuzhanhui/workspace/python/web_auto/venv/lib/python3.6/site-packages/django/views/decorators/csrf.py", line 54, in wrapped_view
    return view_func(*args, **kwargs)
  File "/Users/liuzhanhui/workspace/python/web_auto/venv/lib/python3.6/site-packages/django/views/generic/base.py", line 71, in view
    return self.dispatch(request, *args, **kwargs)
  File "/Users/liuzhanhui/workspace/python/web_auto/venv/lib/python3.6/site-packages/rest_framework/views.py", line 495, in dispatch
    response = self.handle_exception(exc)
  File "/Users/liuzhanhui/workspace/python/web_auto/venv/lib/python3.6/site-packages/rest_framework/views.py", line 455, in handle_exception
    self.raise_uncaught_exception(exc)
  File "/Users/liuzhanhui/workspace/python/web_auto/venv/lib/python3.6/site-packages/rest_framework/views.py", line 492, in dispatch
    response = handler(request, *args, **kwargs)
  File "/Users/liuzhanhui/workspace/python/web_auto/apps/teacherpad/views.py", line 31, in get
    pageNo = int(int(params.get('pageNo')))
TypeError: int() argument must be a string, a bytes-like object or a number, not 'NoneType'
2019-05-06 10:44:34,730 [Thread-2:123145389731840] [django.request:228] [log:log_response] [ERROR]- Internal Server Error: /api/teacherPad/module/user/1
Traceback (most recent call last):
  File "/Users/liuzhanhui/workspace/python/web_auto/venv/lib/python3.6/site-packages/django/core/handlers/exception.py", line 34, in inner
    response = get_response(request)
  File "/Users/liuzhanhui/workspace/python/web_auto/venv/lib/python3.6/site-packages/django/core/handlers/base.py", line 115, in _get_response
    response = self.process_exception_by_middleware(e, request)
  File "/Users/liuzhanhui/workspace/python/web_auto/venv/lib/python3.6/site-packages/django/core/handlers/base.py", line 113, in _get_response
    response = wrapped_callback(request, *callback_args, **callback_kwargs)
  File "/Users/liuzhanhui/workspace/python/web_auto/venv/lib/python3.6/site-packages/django/views/decorators/csrf.py", line 54, in wrapped_view
    return view_func(*args, **kwargs)
  File "/Users/liuzhanhui/workspace/python/web_auto/venv/lib/python3.6/site-packages/django/views/generic/base.py", line 71, in view
    return self.dispatch(request, *args, **kwargs)
  File "/Users/liuzhanhui/workspace/python/web_auto/venv/lib/python3.6/site-packages/rest_framework/views.py", line 495, in dispatch
    response = self.handle_exception(exc)
  File "/Users/liuzhanhui/workspace/python/web_auto/venv/lib/python3.6/site-packages/rest_framework/views.py", line 455, in handle_exception
    self.raise_uncaught_exception(exc)
  File "/Users/liuzhanhui/workspace/python/web_auto/venv/lib/python3.6/site-packages/rest_framework/views.py", line 492, in dispatch
    response = handler(request, *args, **kwargs)
  File "/Users/liuzhanhui/workspace/python/web_auto/apps/teacherpad/views.py", line 29, in get
    pageNo = int(int(params.get('pageNo')))
TypeError: int() argument must be a string, a bytes-like object or a number, not 'NoneType'
2019-05-06 10:44:53,055 [Thread-2:123145389731840] [django.request:228] [log:log_response] [ERROR]- Internal Server Error: /api/teacherPad/module/user/1
Traceback (most recent call last):
  File "/Users/liuzhanhui/workspace/python/web_auto/venv/lib/python3.6/site-packages/django/core/handlers/exception.py", line 34, in inner
    response = get_response(request)
  File "/Users/liuzhanhui/workspace/python/web_auto/venv/lib/python3.6/site-packages/django/core/handlers/base.py", line 115, in _get_response
    response = self.process_exception_by_middleware(e, request)
  File "/Users/liuzhanhui/workspace/python/web_auto/venv/lib/python3.6/site-packages/django/core/handlers/base.py", line 113, in _get_response
    response = wrapped_callback(request, *callback_args, **callback_kwargs)
  File "/Users/liuzhanhui/workspace/python/web_auto/venv/lib/python3.6/site-packages/django/views/decorators/csrf.py", line 54, in wrapped_view
    return view_func(*args, **kwargs)
  File "/Users/liuzhanhui/workspace/python/web_auto/venv/lib/python3.6/site-packages/django/views/generic/base.py", line 71, in view
    return self.dispatch(request, *args, **kwargs)
  File "/Users/liuzhanhui/workspace/python/web_auto/venv/lib/python3.6/site-packages/rest_framework/views.py", line 495, in dispatch
    response = self.handle_exception(exc)
  File "/Users/liuzhanhui/workspace/python/web_auto/venv/lib/python3.6/site-packages/rest_framework/views.py", line 455, in handle_exception
    self.raise_uncaught_exception(exc)
  File "/Users/liuzhanhui/workspace/python/web_auto/venv/lib/python3.6/site-packages/rest_framework/views.py", line 492, in dispatch
    response = handler(request, *args, **kwargs)
  File "/Users/liuzhanhui/workspace/python/web_auto/apps/teacherpad/views.py", line 29, in get
    pageNo = int(int(params.get('pageNo')))
TypeError: int() argument must be a string, a bytes-like object or a number, not 'NoneType'
2019-05-06 10:45:30,971 [Thread-2:123145485320192] [django.request:228] [log:log_response] [ERROR]- Internal Server Error: /api/teacherPad/module/user/1
Traceback (most recent call last):
  File "/Users/liuzhanhui/workspace/python/web_auto/venv/lib/python3.6/site-packages/django/core/handlers/exception.py", line 34, in inner
    response = get_response(request)
  File "/Users/liuzhanhui/workspace/python/web_auto/venv/lib/python3.6/site-packages/django/core/handlers/base.py", line 115, in _get_response
    response = self.process_exception_by_middleware(e, request)
  File "/Users/liuzhanhui/workspace/python/web_auto/venv/lib/python3.6/site-packages/django/core/handlers/base.py", line 113, in _get_response
    response = wrapped_callback(request, *callback_args, **callback_kwargs)
  File "/Users/liuzhanhui/workspace/python/web_auto/venv/lib/python3.6/site-packages/django/views/decorators/csrf.py", line 54, in wrapped_view
    return view_func(*args, **kwargs)
  File "/Users/liuzhanhui/workspace/python/web_auto/venv/lib/python3.6/site-packages/django/views/generic/base.py", line 71, in view
    return self.dispatch(request, *args, **kwargs)
  File "/Users/liuzhanhui/workspace/python/web_auto/venv/lib/python3.6/site-packages/rest_framework/views.py", line 495, in dispatch
    response = self.handle_exception(exc)
  File "/Users/liuzhanhui/workspace/python/web_auto/venv/lib/python3.6/site-packages/rest_framework/views.py", line 455, in handle_exception
    self.raise_uncaught_exception(exc)
  File "/Users/liuzhanhui/workspace/python/web_auto/venv/lib/python3.6/site-packages/rest_framework/views.py", line 492, in dispatch
    response = handler(request, *args, **kwargs)
  File "/Users/liuzhanhui/workspace/python/web_auto/apps/teacherpad/views.py", line 29, in get
    pageNo = int(params.get('pageNo'))
TypeError: int() argument must be a string, a bytes-like object or a number, not 'NoneType'
2019-05-06 11:22:57,338 [Thread-3:123145517674496] [django.request:228] [log:log_response] [WARNING]- Forbidden: /api/teacherPad/module/user/zhangyadan
2019-05-06 14:03:50,971 [Thread-26:123145517674496] [django.request:228] [log:log_response] [WARNING]- Forbidden: /api/teacherPad/module/user/zhangyadan
2019-05-06 14:20:16,202 [Thread-42:123145517674496] [django.request:228] [log:log_response] [WARNING]- Forbidden: /api/teacherPad/module/user/zhangyadan
2019-05-06 14:33:49,144 [Thread-48:123145517674496] [django.request:228] [log:log_response] [WARNING]- Forbidden: /api/teacherPad/module/user/zhangyadan
2019-05-06 14:34:17,458 [Thread-49:123145517674496] [django.request:228] [log:log_response] [WARNING]- Forbidden: /api/teacherPad/module/user/zhangyadan
2019-05-06 14:34:18,011 [Thread-50:123145517674496] [django.request:228] [log:log_response] [WARNING]- Forbidden: /api/teacherPad/module/user/zhangyadan
2019-05-06 14:34:24,298 [Thread-51:123145517674496] [django.request:228] [log:log_response] [WARNING]- Forbidden: /api/teacherPad/module/user/zhangyadan
2019-05-06 14:35:22,020 [Thread-52:123145517674496] [django.request:228] [log:log_response] [WARNING]- Forbidden: /api/teacherPad/module/user/zhangyadan
2019-05-06 14:35:22,637 [Thread-53:123145517674496] [django.request:228] [log:log_response] [WARNING]- Forbidden: /api/teacherPad/module/user/zhangyadan
2019-05-06 14:35:34,306 [Thread-54:123145517674496] [django.request:228] [log:log_response] [WARNING]- Forbidden: /api/teacherPad/module/user/zhangyadan
2019-05-06 14:38:47,466 [Thread-55:123145517674496] [django.request:228] [log:log_response] [WARNING]- Forbidden: /api/teacherPad/module/user/zhangyadan
2019-05-06 14:39:11,623 [Thread-56:123145517674496] [django.request:228] [log:log_response] [WARNING]- Forbidden: /api/teacherPad/module/user/zhangyadan
2019-05-06 14:49:20,520 [Thread-57:123145517674496] [django.request:228] [log:log_response] [WARNING]- Forbidden: /api/teacherPad/module/user/zhangyadan
2019-05-06 14:49:28,523 [Thread-58:123145517674496] [django.request:228] [log:log_response] [WARNING]- Forbidden: /api/teacherPad/module/user/zhangyadan
2019-05-06 14:50:39,038 [Thread-59:123145517674496] [django.request:228] [log:log_response] [WARNING]- Forbidden: /api/teacherPad/module/user/zhangyadan
2019-05-06 14:51:10,471 [Thread-60:123145517674496] [django.request:228] [log:log_response] [WARNING]- Forbidden: /api/teacherPad/module/user/zhangyadan
2019-05-06 14:51:22,898 [Thread-61:123145517674496] [django.request:228] [log:log_response] [WARNING]- Forbidden: /api/teacherPad/module/user/zhangyadan
2019-05-06 14:51:30,157 [Thread-62:123145517674496] [django.request:228] [log:log_response] [WARNING]- Forbidden: /api/teacherPad/module/user/zhangyadan
2019-05-06 15:15:10,969 [Thread-73:123145517674496] [django.request:228] [log:log_response] [WARNING]- Forbidden: /api/teacherPad/module/user/zhangyadan
2019-05-06 15:18:09,905 [Thread-75:123145517674496] [django.request:228] [log:log_response] [WARNING]- Forbidden: /api/teacherPad/module/user/zhangyadan
2019-05-06 15:18:35,218 [Thread-77:123145517674496] [django.request:228] [log:log_response] [WARNING]- Forbidden: /api/teacherPad/module/user/zhangyadan
2019-05-06 15:19:38,207 [Thread-79:123145517674496] [django.request:228] [log:log_response] [WARNING]- Forbidden: /api/teacherPad/module/user/zhangyadan
2019-05-06 15:24:34,145 [Thread-81:123145517674496] [django.request:228] [log:log_response] [WARNING]- Forbidden: /api/teacherPad/module/user/zhangyadan
2019-05-06 15:24:37,466 [Thread-83:123145517674496] [django.request:228] [log:log_response] [WARNING]- Forbidden: /api/teacherPad/module/user/zhangyadan
2019-05-06 15:24:39,754 [Thread-85:123145517674496] [django.request:228] [log:log_response] [WARNING]- Forbidden: /api/teacherPad/module/user/zhangyadan
2019-05-06 15:25:11,780 [Thread-87:123145517674496] [django.request:228] [log:log_response] [WARNING]- Forbidden: /api/teacherPad/module/user/zhangyadan
2019-05-06 15:29:05,286 [Thread-89:123145517674496] [django.request:228] [log:log_response] [WARNING]- Forbidden: /api/teacherPad/module/user/zhangyadan
2019-05-06 15:29:46,796 [Thread-91:123145517674496] [django.request:228] [log:log_response] [WARNING]- Forbidden: /api/teacherPad/module/user/zhangyadan
2019-05-06 15:31:12,209 [Thread-93:123145517674496] [django.request:228] [log:log_response] [WARNING]- Forbidden: /api/teacherPad/module/user/zhangyadan
2019-05-06 15:32:19,302 [Thread-95:123145517674496] [django.request:228] [log:log_response] [WARNING]- Forbidden: /api/teacherPad/module/user/zhangyadan
2019-05-06 15:33:03,525 [Thread-97:123145517674496] [django.request:228] [log:log_response] [WARNING]- Forbidden: /api/teacherPad/module/user/zhangyadan
2019-05-06 16:04:16,246 [Thread-172:123145517674496] [django.request:228] [log:log_response] [WARNING]- Forbidden: /api/teacherPad/module/user/zhangyadan
2019-05-06 16:25:28,954 [Thread-208:123145517674496] [django.request:228] [log:log_response] [WARNING]- Forbidden: /api/teacherPad/module/user/zhangyadan
2019-05-06 16:25:30,558 [Thread-209:123145517674496] [django.request:228] [log:log_response] [WARNING]- Forbidden: /api/teacherPad/module/user/zhangyadan
2019-05-06 16:26:47,859 [Thread-214:123145517674496] [django.request:228] [log:log_response] [WARNING]- Forbidden: /api/teacherPad/module/user/undefined
2019-05-06 16:27:23,318 [Thread-215:123145517674496] [django.request:228] [log:log_response] [WARNING]- Forbidden: /api/teacherPad/module/user/undefined
2019-05-06 16:27:25,292 [Thread-216:123145517674496] [django.request:228] [log:log_response] [WARNING]- Forbidden: /api/teacherPad/module/user/zhangyadan
2019-05-06 16:34:26,546 [Thread-233:123145517674496] [django.request:228] [log:log_response] [WARNING]- Forbidden: /api/teacherPad/module/user/undefined
2019-05-06 16:34:30,913 [Thread-234:123145517674496] [django.request:228] [log:log_response] [WARNING]- Forbidden: /api/teacherPad/module/user/undefined
2019-05-06 17:04:49,056 [Thread-258:123145517674496] [django.request:228] [log:log_response] [WARNING]- Forbidden: /api/teacherPad/module/user/zhangyadan
2019-05-06 17:33:13,766 [Thread-299:123145517674496] [django.request:228] [log:log_response] [WARNING]- Forbidden: /api/teacherPad/module/user/zhangyadan
2019-05-06 17:35:14,770 [Thread-300:123145517674496] [django.request:228] [log:log_response] [WARNING]- Forbidden: /api/teacherPad/module/user/zhangyadan
2019-05-06 17:35:33,072 [Thread-301:123145517674496] [django.request:228] [log:log_response] [WARNING]- Forbidden: /api/teacherPad/module/user/zhangyadan
2019-05-06 17:36:01,220 [Thread-302:123145517674496] [django.request:228] [log:log_response] [WARNING]- Forbidden: /api/teacherPad/module/user/zhangyadan
2019-05-06 17:36:19,541 [Thread-303:123145517674496] [django.request:228] [log:log_response] [WARNING]- Forbidden: /api/teacherPad/module/user/undefined
2019-05-06 18:16:28,833 [Thread-338:123145517674496] [django.request:228] [log:log_response] [WARNING]- Forbidden: /api/teacherPad/module/user/zhangyadan
2019-05-06 18:47:53,486 [Thread-364:123145517674496] [django.request:228] [log:log_response] [WARNING]- Forbidden: /api/teacherPad/module/user/zhangyadan
